TN:
SF:public/images/icons.tsx
FN:13,PositionDirectionIcon
FN:40,ShowDetailIcon
FN:69,SortingDataTableIcon
FN:101,AssetPercentageValueIcon
FN:138,CustomHoldingIcon
FN:158,ReloadHoldingsIcon
FN:233,ReloadSingleHoldingIcon
FNF:7
FNH:0
FNDA:0,PositionDirectionIcon
FNDA:0,ShowDetailIcon
FNDA:0,SortingDataTableIcon
FNDA:0,AssetPercentageValueIcon
FNDA:0,CustomHoldingIcon
FNDA:0,ReloadHoldingsIcon
FNDA:0,ReloadSingleHoldingIcon
DA:1,1
DA:2,1
DA:3,1
DA:4,1
DA:5,1
DA:6,1
DA:7,1
DA:8,1
DA:9,1
DA:10,1
DA:11,1
DA:12,1
DA:13,1
DA:14,0
DA:15,0
DA:16,0
DA:17,0
DA:18,0
DA:19,0
DA:20,0
DA:21,0
DA:22,0
DA:23,0
DA:24,0
DA:25,0
DA:26,0
DA:27,0
DA:28,0
DA:29,0
DA:30,0
DA:31,0
DA:32,0
DA:33,0
DA:34,0
DA:35,0
DA:36,0
DA:37,0
DA:38,0
DA:39,1
DA:40,1
DA:41,0
DA:42,0
DA:43,0
DA:44,0
DA:45,0
DA:46,0
DA:47,0
DA:48,0
DA:49,0
DA:50,0
DA:51,0
DA:52,0
DA:53,0
DA:54,0
DA:55,0
DA:56,0
DA:57,0
DA:58,0
DA:59,0
DA:60,0
DA:61,0
DA:62,0
DA:63,0
DA:64,0
DA:65,0
DA:66,0
DA:67,0
DA:68,1
DA:69,1
DA:70,0
DA:71,0
DA:72,0
DA:73,0
DA:74,0
DA:75,0
DA:76,0
DA:77,0
DA:78,0
DA:79,0
DA:80,0
DA:81,0
DA:82,0
DA:83,0
DA:84,0
DA:85,0
DA:86,0
DA:87,0
DA:88,0
DA:89,0
DA:90,0
DA:91,0
DA:92,0
DA:93,0
DA:94,0
DA:95,0
DA:96,0
DA:97,0
DA:98,0
DA:99,0
DA:100,1
DA:101,1
DA:102,0
DA:103,0
DA:104,0
DA:105,0
DA:106,0
DA:107,0
DA:108,0
DA:109,0
DA:110,0
DA:111,0
DA:112,0
DA:113,0
DA:114,0
DA:115,0
DA:116,0
DA:117,0
DA:118,0
DA:119,0
DA:120,0
DA:121,0
DA:122,0
DA:123,0
DA:124,0
DA:125,0
DA:126,0
DA:127,0
DA:128,0
DA:129,0
DA:130,0
DA:131,0
DA:132,0
DA:133,0
DA:134,0
DA:135,0
DA:136,0
DA:137,1
DA:138,1
DA:139,0
DA:140,0
DA:141,0
DA:142,0
DA:143,0
DA:144,0
DA:145,0
DA:146,0
DA:147,0
DA:148,0
DA:149,0
DA:150,0
DA:151,0
DA:152,0
DA:153,0
DA:154,0
DA:155,0
DA:156,0
DA:157,1
DA:158,1
DA:159,0
DA:160,0
DA:161,0
DA:162,0
DA:163,0
DA:164,0
DA:165,0
DA:166,0
DA:167,0
DA:168,0
DA:169,0
DA:170,0
DA:171,0
DA:172,0
DA:173,0
DA:174,0
DA:175,0
DA:176,0
DA:177,0
DA:178,0
DA:179,0
DA:180,0
DA:181,0
DA:182,0
DA:183,0
DA:184,0
DA:185,0
DA:186,0
DA:187,0
DA:188,0
DA:189,0
DA:190,0
DA:191,0
DA:192,0
DA:193,0
DA:194,0
DA:195,0
DA:196,0
DA:197,0
DA:198,0
DA:199,0
DA:200,0
DA:201,0
DA:202,0
DA:203,0
DA:204,0
DA:205,0
DA:206,0
DA:207,0
DA:208,0
DA:209,0
DA:210,0
DA:211,0
DA:212,0
DA:213,0
DA:214,0
DA:215,0
DA:216,0
DA:217,0
DA:218,0
DA:219,0
DA:220,0
DA:221,0
DA:222,0
DA:223,0
DA:224,0
DA:225,0
DA:226,0
DA:227,0
DA:228,0
DA:229,0
DA:230,0
DA:231,0
DA:232,1
DA:233,1
DA:234,0
DA:235,0
DA:236,0
DA:237,0
DA:238,0
DA:239,0
DA:240,0
DA:241,0
DA:242,0
DA:243,0
DA:244,0
DA:245,0
DA:246,0
DA:247,0
DA:248,0
DA:249,0
DA:250,0
DA:251,0
DA:252,0
DA:253,0
DA:254,0
DA:255,0
DA:256,0
DA:257,0
DA:258,0
DA:259,0
DA:260,0
DA:261,0
DA:262,0
DA:263,0
DA:264,0
DA:265,0
DA:266,0
DA:267,0
DA:268,0
DA:269,0
DA:270,0
DA:271,0
DA:272,0
DA:273,0
DA:274,0
DA:275,0
DA:276,0
DA:277,0
DA:278,0
DA:279,0
DA:280,0
DA:281,0
DA:282,0
DA:283,0
DA:284,0
DA:285,0
DA:286,0
DA:287,0
DA:288,0
DA:289,0
DA:290,0
DA:291,0
DA:292,0
DA:293,0
DA:294,0
DA:295,0
DA:296,0
DA:297,0
DA:298,0
DA:299,0
DA:300,0
DA:301,0
DA:302,0
DA:303,0
DA:304,0
DA:305,0
DA:306,0
DA:307,0
DA:308,0
DA:309,0
DA:310,0
DA:311,0
DA:312,0
DA:313,0
DA:314,0
DA:315,0
DA:316,0
DA:317,0
DA:318,0
DA:319,0
DA:320,0
DA:321,0
DA:322,0
DA:323,0
DA:324,0
DA:325,0
DA:326,0
DA:327,0
DA:328,0
DA:329,0
DA:330,0
DA:331,0
LF:331
LH:25
BRF:0
BRH:0
end_of_record
TN:
SF:public/images/index.ts
FNF:0
FNH:0
DA:1,1
DA:2,1
DA:3,1
DA:4,1
DA:5,1
DA:6,1
DA:7,1
DA:8,1
DA:9,1
DA:10,1
DA:11,1
DA:12,1
DA:13,1
DA:14,1
DA:15,1
DA:16,1
DA:17,1
DA:18,1
DA:19,1
DA:20,1
DA:21,1
DA:22,1
DA:23,1
DA:24,1
DA:25,1
DA:26,1
LF:26
LH:26
BRF:0
BRH:0
end_of_record
TN:
SF:src/api/sidebarnavAPI.ts
FNF:0
FNH:0
DA:1,1
DA:2,1
DA:3,1
DA:4,1
DA:5,1
DA:6,1
DA:7,1
DA:8,1
DA:9,1
DA:10,1
DA:11,1
DA:12,1
DA:13,1
DA:14,1
DA:15,1
DA:16,1
DA:17,1
DA:18,1
DA:19,1
DA:20,1
DA:21,1
DA:22,1
DA:23,1
DA:24,1
DA:25,1
DA:26,1
DA:27,1
DA:28,1
DA:29,1
DA:30,1
DA:31,1
DA:32,1
DA:33,1
DA:34,1
DA:35,1
DA:36,1
DA:37,1
DA:38,1
DA:39,1
DA:40,1
DA:41,1
DA:42,1
DA:43,1
DA:44,1
DA:45,1
DA:46,1
DA:47,1
DA:48,1
DA:49,1
DA:50,1
DA:51,1
DA:52,1
DA:53,1
DA:54,1
DA:55,1
DA:56,1
DA:57,1
DA:58,1
DA:59,1
DA:60,1
DA:61,1
DA:62,1
DA:63,1
DA:64,1
DA:65,1
DA:66,1
DA:67,1
DA:68,1
DA:69,1
DA:70,1
DA:71,1
DA:72,1
DA:73,1
DA:74,1
DA:75,1
DA:76,1
DA:77,1
DA:78,1
DA:79,1
DA:80,1
DA:81,1
DA:82,1
DA:83,1
DA:84,1
DA:85,1
DA:86,1
DA:87,1
DA:88,1
DA:89,1
DA:90,1
DA:91,1
DA:92,1
DA:93,1
DA:94,1
DA:95,1
DA:96,1
DA:97,1
DA:98,1
DA:99,1
DA:100,1
DA:101,1
DA:102,1
DA:103,1
DA:104,1
DA:105,1
DA:106,1
DA:107,1
DA:108,1
DA:109,1
DA:110,1
DA:111,1
DA:112,1
DA:113,1
DA:114,1
DA:115,1
DA:116,1
DA:117,1
DA:118,1
DA:119,1
DA:120,1
DA:121,1
DA:122,1
DA:123,1
DA:124,1
DA:125,1
DA:126,1
DA:127,1
DA:128,1
DA:129,1
DA:130,1
DA:131,1
DA:132,1
DA:133,1
DA:134,1
DA:135,1
DA:136,1
DA:137,1
DA:138,1
DA:139,1
DA:140,1
DA:141,1
DA:142,1
DA:143,1
DA:144,1
DA:145,1
LF:145
LH:145
BRF:0
BRH:0
end_of_record
TN:
SF:src/utility/lib/charts/asset-chart-controller.tsx
FN:17,LineChartController
FNF:1
FNH:0
FNDA:0,LineChartController
DA:1,1
DA:2,1
DA:3,1
DA:4,1
DA:5,1
DA:6,1
DA:7,1
DA:8,1
DA:9,1
DA:10,1
DA:11,1
DA:12,1
DA:13,1
DA:14,1
DA:15,1
DA:16,1
DA:17,1
DA:18,0
DA:19,0
DA:20,0
DA:21,0
DA:22,0
DA:23,0
DA:24,0
DA:25,0
DA:26,0
DA:27,0
DA:28,0
DA:29,0
DA:30,0
DA:31,0
DA:32,0
DA:33,0
DA:34,0
DA:35,0
DA:36,0
DA:37,0
DA:38,0
DA:39,0
DA:40,0
DA:41,0
DA:42,0
DA:43,0
DA:44,0
DA:45,0
DA:46,0
DA:47,0
DA:48,0
DA:49,0
DA:50,0
DA:51,0
DA:52,0
DA:53,0
DA:54,0
DA:55,0
DA:56,0
DA:57,0
DA:58,0
DA:59,0
DA:60,0
DA:61,0
DA:62,0
DA:63,0
DA:64,0
DA:65,0
DA:66,0
DA:67,0
DA:68,0
DA:69,0
DA:70,0
DA:71,0
DA:72,0
DA:73,0
DA:74,0
DA:75,0
DA:76,0
DA:77,0
DA:78,0
DA:79,0
DA:80,0
DA:81,0
DA:82,0
DA:83,0
DA:84,0
DA:85,0
DA:86,0
DA:87,0
DA:88,0
DA:89,0
DA:90,0
DA:91,0
DA:92,0
DA:93,0
DA:94,0
DA:95,0
DA:96,0
DA:97,0
DA:98,0
DA:99,0
DA:100,0
DA:101,0
DA:102,0
DA:103,0
DA:104,0
DA:105,0
DA:106,0
DA:107,0
DA:108,0
DA:109,0
DA:110,0
DA:111,0
DA:112,0
DA:113,0
DA:114,0
DA:115,0
DA:116,0
DA:117,0
DA:118,0
DA:119,0
DA:120,0
DA:121,0
DA:122,0
DA:123,0
DA:124,0
DA:125,0
DA:126,0
DA:127,0
DA:128,0
DA:129,0
DA:130,0
DA:131,0
DA:132,0
DA:133,0
DA:134,0
DA:135,0
DA:136,0
DA:137,0
DA:138,0
DA:139,0
DA:140,0
DA:141,0
DA:142,0
DA:143,0
DA:144,0
DA:145,0
DA:146,0
DA:147,0
DA:148,0
DA:149,0
DA:150,0
DA:151,0
DA:152,0
DA:153,0
DA:154,0
DA:155,0
DA:156,0
DA:157,0
DA:158,0
DA:159,0
DA:160,0
DA:161,0
DA:162,0
DA:163,0
DA:164,0
DA:165,0
DA:166,0
DA:167,0
DA:168,0
DA:169,0
DA:170,0
DA:171,0
DA:172,0
DA:173,0
DA:174,0
DA:175,0
DA:176,0
DA:177,0
DA:178,0
DA:179,0
DA:180,0
DA:181,0
DA:182,0
DA:183,0
DA:184,0
DA:185,0
DA:186,0
DA:187,0
DA:188,0
DA:189,0
DA:190,0
DA:191,0
DA:192,0
DA:193,0
DA:194,0
DA:195,0
DA:196,0
DA:197,0
DA:198,0
DA:199,0
DA:200,0
DA:201,0
DA:202,0
DA:203,0
DA:204,0
DA:205,0
DA:206,0
DA:207,0
DA:208,0
DA:209,0
DA:210,0
DA:211,0
DA:212,0
DA:213,0
DA:214,0
DA:215,0
DA:216,0
DA:217,0
DA:218,0
DA:219,0
DA:220,0
DA:221,0
DA:222,0
DA:223,0
DA:224,0
DA:225,0
DA:226,0
DA:227,0
DA:228,0
DA:229,0
DA:230,0
DA:231,0
DA:232,0
DA:233,0
DA:234,0
DA:235,0
DA:236,0
DA:237,0
DA:238,0
DA:239,0
DA:240,0
DA:241,0
DA:242,0
DA:243,0
DA:244,0
DA:245,0
DA:246,0
DA:247,0
DA:248,0
DA:249,0
DA:250,1
DA:251,1
LF:251
LH:19
BRF:0
BRH:0
end_of_record
TN:
SF:src/utility/lib/charts/bar-charts.tsx
FN:35,HoldingBarChart
FNF:1
FNH:0
FNDA:0,HoldingBarChart
DA:1,1
DA:2,1
DA:3,1
DA:4,1
DA:5,1
DA:6,1
DA:7,1
DA:8,1
DA:9,1
DA:10,1
DA:11,1
DA:12,1
DA:13,1
DA:14,1
DA:15,1
DA:16,1
DA:17,1
DA:18,1
DA:19,1
DA:20,1
DA:21,1
DA:22,1
DA:23,1
DA:24,1
DA:25,1
DA:26,1
DA:27,1
DA:28,1
DA:29,1
DA:30,1
DA:31,1
DA:32,1
DA:33,1
DA:34,1
DA:35,1
DA:36,0
DA:37,0
DA:38,0
DA:39,0
DA:40,0
DA:41,0
DA:42,0
DA:43,0
DA:44,0
DA:45,0
DA:46,0
DA:47,0
DA:48,0
DA:49,0
DA:50,0
DA:51,0
DA:52,0
DA:53,0
DA:54,0
DA:55,0
DA:56,0
DA:57,0
DA:58,0
DA:59,0
DA:60,0
DA:61,0
DA:62,0
DA:63,0
DA:64,0
DA:65,0
DA:66,0
DA:67,0
DA:68,0
DA:69,0
DA:70,0
DA:71,0
DA:72,0
DA:73,0
DA:74,0
DA:75,0
DA:76,0
DA:77,0
DA:78,0
DA:79,0
DA:80,0
DA:81,0
DA:82,0
DA:83,0
DA:84,0
DA:85,0
DA:86,0
DA:87,0
DA:88,0
DA:89,0
DA:90,0
DA:91,0
DA:92,0
DA:93,0
DA:94,0
DA:95,0
DA:96,0
DA:97,0
DA:98,0
DA:99,0
DA:100,0
DA:101,0
DA:102,0
DA:103,0
DA:104,0
DA:105,0
DA:106,0
DA:107,0
DA:108,0
DA:109,0
DA:110,0
DA:111,0
DA:112,0
DA:113,0
DA:114,0
DA:115,0
DA:116,0
DA:117,0
DA:118,0
DA:119,0
DA:120,0
DA:121,0
DA:122,0
DA:123,0
DA:124,0
DA:125,0
DA:126,0
DA:127,0
DA:128,0
DA:129,0
DA:130,0
DA:131,0
DA:132,0
DA:133,0
DA:134,0
DA:135,0
DA:136,0
DA:137,0
DA:138,0
DA:139,0
DA:140,0
DA:141,0
DA:142,0
DA:143,0
DA:144,0
DA:145,0
DA:146,0
DA:147,0
DA:148,0
DA:149,0
DA:150,0
DA:151,0
DA:152,0
DA:153,0
LF:153
LH:35
BRF:0
BRH:0
end_of_record
TN:
SF:src/utility/lib/charts/distribution-chart.tsx
FN:74,DistributionChart
FN:193,afterDraw
FN:237,onHover
FNF:3
FNH:1
FNDA:6,DistributionChart
FNDA:0,afterDraw
FNDA:0,onHover
DA:1,1
DA:2,1
DA:3,1
DA:4,1
DA:5,1
DA:6,1
DA:7,1
DA:8,1
DA:9,1
DA:10,1
DA:11,1
DA:12,1
DA:13,1
DA:14,1
DA:15,1
DA:16,1
DA:17,1
DA:18,1
DA:19,1
DA:20,1
DA:21,1
DA:22,1
DA:23,1
DA:24,1
DA:25,1
DA:26,1
DA:27,1
DA:28,1
DA:29,1
DA:30,1
DA:31,1
DA:32,1
DA:33,1
DA:34,1
DA:35,1
DA:36,1
DA:37,1
DA:38,1
DA:39,1
DA:40,1
DA:41,1
DA:42,1
DA:43,1
DA:44,1
DA:45,1
DA:46,1
DA:47,1
DA:48,1
DA:49,1
DA:50,1
DA:51,1
DA:52,1
DA:53,1
DA:54,1
DA:55,1
DA:56,1
DA:57,1
DA:58,1
DA:59,1
DA:60,1
DA:61,1
DA:62,1
DA:63,1
DA:64,1
DA:65,1
DA:66,1
DA:67,1
DA:68,1
DA:69,1
DA:70,1
DA:71,1
DA:72,1
DA:73,1
DA:74,1
DA:75,6
DA:76,6
DA:77,6
DA:78,6
DA:79,6
DA:80,6
DA:81,6
DA:82,6
DA:83,6
DA:84,6
DA:85,6
DA:86,6
DA:87,6
DA:88,6
DA:89,6
DA:90,6
DA:91,6
DA:92,6
DA:93,6
DA:94,6
DA:95,6
DA:96,6
DA:97,6
DA:98,6
DA:99,6
DA:100,6
DA:101,6
DA:102,6
DA:103,6
DA:104,6
DA:105,6
DA:106,6
DA:107,1
DA:108,1
DA:109,1
DA:110,1
DA:111,1
DA:112,1
DA:113,5
DA:114,5
DA:115,5
DA:116,18
DA:117,8
DA:118,10
DA:119,0
DA:120,10
DA:121,5
DA:122,5
DA:123,5
DA:124,5
DA:125,5
DA:126,5
DA:127,5
DA:128,5
DA:129,5
DA:130,19
DA:131,14
DA:132,14
DA:133,14
DA:134,14
DA:135,19
DA:136,5
DA:137,5
DA:138,5
DA:139,5
DA:140,5
DA:141,5
DA:142,19
DA:143,5
DA:144,5
DA:145,5
DA:146,5
DA:147,5
DA:148,5
DA:149,5
DA:150,5
DA:151,5
DA:152,5
DA:153,5
DA:154,5
DA:155,5
DA:156,5
DA:157,5
DA:158,5
DA:159,5
DA:160,5
DA:161,5
DA:162,5
DA:163,5
DA:164,19
DA:165,14
DA:166,14
DA:167,19
DA:168,5
DA:169,5
DA:170,6
DA:171,6
DA:172,6
DA:173,6
DA:174,6
DA:175,6
DA:176,6
DA:177,6
DA:178,6
DA:179,6
DA:180,6
DA:181,6
DA:182,6
DA:183,6
DA:184,6
DA:185,6
DA:186,6
DA:187,6
DA:188,6
DA:189,6
DA:190,6
DA:191,6
DA:192,6
DA:193,6
DA:194,0
DA:195,0
DA:196,0
DA:197,6
DA:198,6
DA:199,6
DA:200,6
DA:201,6
DA:202,6
DA:203,6
DA:204,6
DA:205,6
DA:206,6
DA:207,6
DA:208,6
DA:209,6
DA:210,14
DA:211,6
DA:212,6
DA:213,6
DA:214,6
DA:215,6
DA:216,6
DA:217,6
DA:218,6
DA:219,6
DA:220,6
DA:221,6
DA:222,6
DA:223,6
DA:224,6
DA:225,6
DA:226,6
DA:227,6
DA:228,6
DA:229,6
DA:230,6
DA:231,6
DA:232,6
DA:233,6
DA:234,6
DA:235,6
DA:236,6
DA:237,6
DA:238,0
DA:239,0
DA:240,0
DA:241,0
DA:242,0
DA:243,0
DA:244,0
DA:245,0
DA:246,6
DA:247,6
DA:248,6
DA:249,6
DA:250,6
DA:251,6
DA:252,6
DA:253,6
DA:254,6
DA:255,6
DA:256,6
DA:257,6
LF:257
LH:245
BRDA:74,0,0,6
BRDA:106,1,0,1
BRDA:112,2,0,5
BRDA:170,3,0,3
BRDA:170,4,0,2
BRDA:235,5,0,1
BRDA:235,6,0,4
BRDA:236,7,0,1
BRDA:236,8,0,4
BRDA:93,9,0,6
BRDA:115,10,0,18
BRDA:117,11,0,8
BRDA:117,12,0,10
BRDA:119,13,0,0
BRDA:129,14,0,19
BRDA:130,15,0,14
BRDA:135,16,0,5
BRDA:145,17,0,5
BRDA:152,18,0,5
BRDA:163,19,0,19
BRDA:164,20,0,14
BRDA:168,21,0,19
BRDA:202,22,0,14
BRDA:209,23,0,14
BRF:24
BRH:23
end_of_record
TN:
SF:src/utility/lib/charts/drawDoughnutChart.ts
FN:26,drawDoughnutChart
FNF:1
FNH:1
FNDA:4,drawDoughnutChart
DA:1,1
DA:2,1
DA:3,1
DA:4,1
DA:5,1
DA:6,1
DA:7,1
DA:8,1
DA:9,1
DA:10,1
DA:11,1
DA:12,1
DA:13,1
DA:14,1
DA:15,1
DA:16,1
DA:17,1
DA:18,1
DA:19,1
DA:20,1
DA:21,1
DA:22,1
DA:23,1
DA:24,1
DA:25,1
DA:26,1
DA:27,4
DA:28,4
DA:29,4
DA:30,4
DA:31,4
DA:32,4
DA:33,4
DA:34,2
DA:35,2
DA:36,2
DA:37,2
DA:38,0
DA:39,0
DA:40,0
DA:41,2
DA:42,2
DA:43,2
DA:44,2
DA:45,2
DA:46,4
LF:46
LH:43
BRDA:26,0,0,4
BRDA:33,1,0,2
BRDA:37,2,0,0
BRF:3
BRH:2
end_of_record
TN:
SF:src/utility/lib/charts/index.ts
FNF:0
FNH:0
DA:1,1
DA:2,1
DA:3,1
DA:4,1
DA:5,1
DA:6,1
DA:7,1
DA:8,1
DA:9,1
DA:10,1
DA:11,1
DA:12,1
DA:13,1
DA:14,1
DA:15,1
LF:15
LH:15
BRF:0
BRH:0
end_of_record
TN:
SF:src/utility/lib/charts/line-charts.tsx
FN:44,LineChartComponent
FNF:1
FNH:0
FNDA:0,LineChartComponent
DA:1,1
DA:2,1
DA:3,1
DA:4,1
DA:5,1
DA:6,1
DA:7,1
DA:8,1
DA:9,1
DA:10,1
DA:11,1
DA:12,1
DA:13,1
DA:14,1
DA:15,1
DA:16,1
DA:17,1
DA:18,1
DA:19,1
DA:20,1
DA:21,1
DA:22,1
DA:23,1
DA:24,1
DA:25,1
DA:26,1
DA:27,1
DA:28,1
DA:29,1
DA:30,1
DA:31,1
DA:32,1
DA:33,1
DA:34,1
DA:35,1
DA:36,1
DA:37,1
DA:38,1
DA:39,1
DA:40,1
DA:41,1
DA:42,1
DA:43,1
DA:44,1
DA:45,0
DA:46,0
DA:47,0
DA:48,0
DA:49,0
DA:50,0
DA:51,0
DA:52,0
DA:53,0
DA:54,0
DA:55,0
DA:56,0
DA:57,0
DA:58,0
DA:59,0
DA:60,0
DA:61,0
DA:62,0
DA:63,0
DA:64,0
DA:65,0
DA:66,0
DA:67,0
DA:68,0
DA:69,0
DA:70,0
DA:71,0
DA:72,0
DA:73,0
DA:74,0
DA:75,0
DA:76,0
DA:77,0
DA:78,0
DA:79,0
DA:80,0
DA:81,0
DA:82,0
DA:83,0
DA:84,0
DA:85,0
DA:86,0
DA:87,0
DA:88,0
DA:89,0
DA:90,0
DA:91,0
DA:92,0
DA:93,0
DA:94,0
DA:95,0
DA:96,0
DA:97,0
DA:98,0
DA:99,0
DA:100,0
DA:101,0
DA:102,0
DA:103,0
DA:104,0
DA:105,0
DA:106,0
DA:107,0
DA:108,0
DA:109,0
DA:110,0
DA:111,0
DA:112,0
DA:113,0
DA:114,0
DA:115,0
DA:116,0
DA:117,0
DA:118,0
DA:119,0
DA:120,0
DA:121,0
DA:122,0
DA:123,0
DA:124,0
DA:125,0
DA:126,0
DA:127,0
DA:128,0
DA:129,0
DA:130,0
DA:131,0
DA:132,0
DA:133,0
DA:134,0
DA:135,0
DA:136,0
DA:137,0
DA:138,0
DA:139,0
DA:140,0
DA:141,0
DA:142,0
DA:143,0
DA:144,0
DA:145,0
DA:146,0
DA:147,0
DA:148,0
DA:149,0
DA:150,0
DA:151,0
DA:152,0
DA:153,0
DA:154,0
DA:155,0
DA:156,0
DA:157,0
DA:158,0
DA:159,0
DA:160,0
DA:161,0
DA:162,0
DA:163,0
DA:164,0
DA:165,0
DA:166,0
DA:167,0
DA:168,0
DA:169,0
DA:170,0
DA:171,0
DA:172,0
DA:173,0
DA:174,0
DA:175,0
DA:176,0
DA:177,0
DA:178,0
DA:179,0
DA:180,0
DA:181,0
DA:182,0
DA:183,0
DA:184,0
DA:185,0
DA:186,0
DA:187,0
DA:188,0
DA:189,0
DA:190,0
DA:191,0
DA:192,0
DA:193,0
DA:194,0
DA:195,0
DA:196,0
DA:197,0
DA:198,0
DA:199,0
DA:200,0
DA:201,0
DA:202,0
DA:203,0
DA:204,0
DA:205,0
DA:206,0
DA:207,0
DA:208,0
DA:209,0
DA:210,0
DA:211,0
DA:212,0
DA:213,0
DA:214,0
DA:215,0
DA:216,0
DA:217,0
DA:218,0
DA:219,0
DA:220,0
DA:221,0
DA:222,0
DA:223,0
DA:224,0
DA:225,0
DA:226,0
DA:227,0
DA:228,0
DA:229,0
DA:230,0
DA:231,0
DA:232,0
DA:233,0
DA:234,0
DA:235,0
DA:236,0
DA:237,0
DA:238,0
DA:239,0
DA:240,0
DA:241,0
DA:242,0
DA:243,0
DA:244,0
DA:245,0
DA:246,0
DA:247,0
DA:248,0
DA:249,0
DA:250,0
DA:251,0
DA:252,0
DA:253,0
DA:254,0
DA:255,0
DA:256,0
DA:257,0
DA:258,0
DA:259,0
DA:260,0
DA:261,0
DA:262,0
DA:263,0
DA:264,0
DA:265,0
DA:266,0
DA:267,0
DA:268,0
DA:269,0
DA:270,0
DA:271,0
DA:272,0
DA:273,0
DA:274,0
DA:275,0
DA:276,0
DA:277,0
DA:278,0
DA:279,0
DA:280,0
LF:280
LH:44
BRF:0
BRH:0
end_of_record
TN:
SF:src/utility/lib/charts/renderHoverLabel.ts
FN:90,renderHoverLabel
FNF:1
FNH:1
FNDA:4,renderHoverLabel
DA:1,1
DA:2,1
DA:3,1
DA:4,1
DA:5,1
DA:6,1
DA:7,1
DA:8,1
DA:9,1
DA:10,1
DA:11,1
DA:12,1
DA:13,1
DA:14,1
DA:15,1
DA:16,1
DA:17,1
DA:18,1
DA:19,1
DA:20,1
DA:21,1
DA:22,1
DA:23,1
DA:24,1
DA:25,1
DA:26,1
DA:27,1
DA:28,1
DA:29,1
DA:30,1
DA:31,1
DA:32,1
DA:33,1
DA:34,1
DA:35,1
DA:36,1
DA:37,1
DA:38,1
DA:39,1
DA:40,1
DA:41,1
DA:42,1
DA:43,1
DA:44,1
DA:45,1
DA:46,1
DA:47,1
DA:48,1
DA:49,1
DA:50,1
DA:51,1
DA:52,1
DA:53,1
DA:54,1
DA:55,1
DA:56,1
DA:57,1
DA:58,1
DA:59,1
DA:60,1
DA:61,1
DA:62,1
DA:63,1
DA:64,1
DA:65,1
DA:66,1
DA:67,1
DA:68,1
DA:69,1
DA:70,1
DA:71,1
DA:72,1
DA:73,1
DA:74,1
DA:75,1
DA:76,1
DA:77,1
DA:78,1
DA:79,1
DA:80,1
DA:81,1
DA:82,1
DA:83,1
DA:84,1
DA:85,1
DA:86,1
DA:87,1
DA:88,1
DA:89,1
DA:90,1
DA:91,4
DA:92,4
DA:93,4
DA:94,4
DA:95,4
DA:96,4
DA:97,4
DA:98,4
DA:99,4
DA:100,4
DA:101,3
DA:102,4
DA:103,3
DA:104,3
DA:105,3
DA:106,3
DA:107,3
DA:108,3
DA:109,3
DA:110,3
DA:111,3
DA:112,3
DA:113,2
DA:114,1
DA:115,3
DA:116,3
DA:117,3
DA:118,3
DA:119,3
DA:120,3
DA:121,2
DA:122,3
DA:123,3
DA:124,3
DA:125,3
DA:126,3
DA:127,3
DA:128,3
DA:129,2
DA:130,2
DA:131,1
DA:132,3
DA:133,3
DA:134,3
DA:135,3
DA:136,4
DA:137,1
DA:138,1
DA:139,1
DA:140,1
DA:141,1
DA:142,1
DA:143,1
DA:144,1
DA:145,1
DA:146,1
DA:147,4
LF:147
LH:147
BRDA:90,0,0,4
BRDA:100,1,0,3
BRDA:102,2,0,3
BRDA:112,3,0,2
BRDA:113,4,0,1
BRDA:121,5,0,2
BRDA:122,6,0,1
BRDA:129,7,0,2
BRDA:130,8,0,1
BRDA:136,9,0,1
BRF:10
BRH:10
end_of_record
TN:
SF:src/utility/lib/charts/table-line-charts.tsx
FN:28,TableLineChart
FNF:1
FNH:0
FNDA:0,TableLineChart
DA:1,1
DA:2,1
DA:3,1
DA:4,1
DA:5,1
DA:6,1
DA:7,1
DA:8,1
DA:9,1
DA:10,1
DA:11,1
DA:12,1
DA:13,1
DA:14,1
DA:15,1
DA:16,1
DA:17,1
DA:18,1
DA:19,1
DA:20,1
DA:21,1
DA:22,1
DA:23,1
DA:24,1
DA:25,1
DA:26,1
DA:27,1
DA:28,1
DA:29,0
DA:30,0
DA:31,0
DA:32,0
DA:33,0
DA:34,0
DA:35,0
DA:36,0
DA:37,0
DA:38,0
DA:39,0
DA:40,0
DA:41,0
DA:42,0
DA:43,0
DA:44,0
DA:45,0
DA:46,0
DA:47,0
DA:48,0
DA:49,0
DA:50,0
DA:51,0
DA:52,0
DA:53,0
DA:54,0
DA:55,0
DA:56,0
DA:57,0
DA:58,0
DA:59,0
DA:60,0
DA:61,0
DA:62,0
DA:63,0
DA:64,0
DA:65,0
LF:65
LH:28
BRF:0
BRH:0
end_of_record
TN:
SF:src/utility/lib/data-fetching/client-hooks.tsx
FN:21,useDistributionData
FN:49,useHoldingMutation
FN:103,useValueChart
FN:136,useDetailComponent
FNF:4
FNH:0
FNDA:0,useDistributionData
FNDA:0,useHoldingMutation
FNDA:0,useValueChart
FNDA:0,useDetailComponent
DA:1,1
DA:2,1
DA:3,1
DA:4,1
DA:5,1
DA:6,1
DA:7,1
DA:8,1
DA:9,1
DA:10,1
DA:11,1
DA:12,1
DA:13,1
DA:14,1
DA:15,1
DA:16,1
DA:17,1
DA:18,1
DA:19,1
DA:20,1
DA:21,1
DA:22,0
DA:23,0
DA:24,0
DA:25,0
DA:26,0
DA:27,0
DA:28,0
DA:29,0
DA:30,0
DA:31,0
DA:32,0
DA:33,0
DA:34,0
DA:35,0
DA:36,0
DA:37,0
DA:38,0
DA:39,0
DA:40,0
DA:41,0
DA:42,0
DA:43,0
DA:44,0
DA:45,0
DA:46,0
DA:47,0
DA:48,1
DA:49,1
DA:50,0
DA:51,0
DA:52,0
DA:53,0
DA:54,0
DA:55,0
DA:56,0
DA:57,0
DA:58,0
DA:59,0
DA:60,0
DA:61,0
DA:62,0
DA:63,0
DA:64,0
DA:65,0
DA:66,0
DA:67,0
DA:68,0
DA:69,0
DA:70,0
DA:71,0
DA:72,0
DA:73,0
DA:74,0
DA:75,0
DA:76,0
DA:77,0
DA:78,0
DA:79,0
DA:80,0
DA:81,0
DA:82,0
DA:83,0
DA:84,0
DA:85,0
DA:86,0
DA:87,0
DA:88,0
DA:89,0
DA:90,0
DA:91,0
DA:92,0
DA:93,0
DA:94,0
DA:95,0
DA:96,0
DA:97,0
DA:98,0
DA:99,0
DA:100,0
DA:101,0
DA:102,1
DA:103,1
DA:104,0
DA:105,0
DA:106,0
DA:107,0
DA:108,0
DA:109,0
DA:110,0
DA:111,0
DA:112,0
DA:113,0
DA:114,0
DA:115,0
DA:116,0
DA:117,0
DA:118,0
DA:119,0
DA:120,0
DA:121,0
DA:122,0
DA:123,0
DA:124,0
DA:125,0
DA:126,0
DA:127,0
DA:128,0
DA:129,0
DA:130,0
DA:131,0
DA:132,0
DA:133,0
DA:134,0
DA:135,1
DA:136,1
DA:137,0
DA:138,0
DA:139,0
DA:140,0
DA:141,0
DA:142,0
DA:143,0
DA:144,0
DA:145,0
DA:146,0
DA:147,0
DA:148,0
DA:149,0
DA:150,0
LF:150
LH:27
BRF:0
BRH:0
end_of_record
TN:
SF:src/utility/lib/data-fetching/index.ts
FNF:0
FNH:0
DA:1,1
DA:2,1
DA:3,1
DA:4,1
DA:5,1
DA:6,1
DA:7,1
DA:8,1
DA:9,1
DA:10,1
DA:11,1
DA:12,1
DA:13,1
DA:14,1
DA:15,1
DA:16,1
DA:17,1
DA:18,1
LF:18
LH:18
BRF:0
BRH:0
end_of_record
TN:
SF:src/utility/lib/data-fetching/layer.tsx
FN:7,getDistribution
FN:40,postHoldingSync
FN:45,getDetailAssetData
FN:72,getTimeFrames
FN:97,postRebalancing
FNF:5
FNH:1
FNDA:0,getDistribution
FNDA:0,postHoldingSync
FNDA:6,getDetailAssetData
FNDA:0,getTimeFrames
FNDA:0,postRebalancing
DA:1,1
DA:2,1
DA:3,1
DA:4,1
DA:5,1
DA:6,1
DA:7,1
DA:8,0
DA:9,0
DA:10,0
DA:11,0
DA:12,0
DA:13,0
DA:14,0
DA:15,0
DA:16,0
DA:17,0
DA:18,0
DA:19,0
DA:20,0
DA:21,0
DA:22,0
DA:23,0
DA:24,0
DA:25,0
DA:26,0
DA:27,0
DA:28,0
DA:29,0
DA:30,0
DA:31,0
DA:32,0
DA:33,0
DA:34,0
DA:35,0
DA:36,0
DA:37,0
DA:38,0
DA:39,1
DA:40,1
DA:41,0
DA:42,0
DA:43,0
DA:44,1
DA:45,1
DA:46,6
DA:47,6
DA:48,6
DA:49,6
DA:50,6
DA:51,6
DA:52,6
DA:53,6
DA:54,1
DA:55,1
DA:56,4
DA:57,4
DA:58,6
DA:59,1
DA:60,1
DA:61,6
DA:62,1
DA:63,1
DA:64,2
DA:65,6
DA:66,4
DA:67,4
DA:68,4
DA:69,4
DA:70,6
DA:71,1
DA:72,1
DA:73,0
DA:74,0
DA:75,0
DA:76,0
DA:77,0
DA:78,0
DA:79,0
DA:80,0
DA:81,0
DA:82,0
DA:83,0
DA:84,0
DA:85,0
DA:86,0
DA:87,0
DA:88,0
DA:89,0
DA:90,0
DA:91,0
DA:92,0
DA:93,0
DA:94,0
DA:95,0
DA:96,1
DA:97,1
DA:98,0
DA:99,0
DA:100,0
DA:101,0
DA:102,0
DA:103,0
DA:104,0
DA:105,0
DA:106,0
DA:107,0
DA:108,0
DA:109,0
DA:110,0
LF:110
LH:40
BRDA:45,0,0,6
BRDA:52,1,0,5
BRDA:53,2,0,1
BRDA:55,3,0,4
BRDA:58,4,0,1
BRDA:60,5,0,3
BRDA:61,6,0,1
BRDA:63,7,0,2
BRDA:65,8,0,4
BRF:9
BRH:9
end_of_record
TN:
SF:src/utility/lib/data-fetching/prefetch-hooks.tsx
FN:4,prefetchDetailComponent
FNF:1
FNH:0
FNDA:0,prefetchDetailComponent
DA:1,1
DA:2,1
DA:3,1
DA:4,1
DA:5,0
DA:6,0
DA:7,0
DA:8,0
DA:9,0
DA:10,0
DA:11,0
DA:12,0
DA:13,0
DA:14,0
DA:15,0
DA:16,0
DA:17,0
DA:18,0
DA:19,0
DA:20,0
LF:20
LH:4
BRF:0
BRH:0
end_of_record
TN:
SF:src/utility/lib/data-fetching/react-query-provider.tsx
FN:5,ReactQueryProvider
FNF:1
FNH:0
FNDA:0,ReactQueryProvider
DA:1,1
DA:2,1
DA:3,1
DA:4,1
DA:5,1
DA:6,0
DA:7,0
DA:8,0
DA:9,0
DA:10,0
DA:11,0
DA:12,1
DA:13,1
LF:13
LH:7
BRF:0
BRH:0
end_of_record
TN:
SF:src/utility/lib/data-fetching/skeletons/error-skeleton.tsx
FN:1,SmallErrorSkeleton
FNF:1
FNH:0
FNDA:0,SmallErrorSkeleton
DA:1,1
DA:2,0
DA:3,0
LF:3
LH:1
BRF:0
BRH:0
end_of_record
TN:
SF:src/utility/lib/data-fetching/skeletons/loading-skeleton.tsx
FN:1,SmallLoadingSkeleton
FNF:1
FNH:0
FNDA:0,SmallLoadingSkeleton
DA:1,1
DA:2,0
DA:3,0
LF:3
LH:1
BRF:0
BRH:0
end_of_record
TN:
SF:src/utility/lib/data-table/asset-table-component.tsx
FN:10,AssetTableComponent
FN:31,onResize
FN:60,onClick
FN:81,FilterButtons
FN:100,onClick
FN:122,AddOnButtons
FNF:6
FNH:3
FNDA:48,AssetTableComponent
FNDA:0,onResize
FNDA:0,onClick
FNDA:46,FilterButtons
FNDA:0,onClick
FNDA:138,AddOnButtons
DA:1,1
DA:2,1
DA:3,1
DA:4,1
DA:5,1
DA:6,1
DA:7,1
DA:8,1
DA:9,1
DA:10,1
DA:11,48
DA:12,48
DA:13,48
DA:14,48
DA:15,48
DA:16,48
DA:17,48
DA:18,0
DA:19,0
DA:20,0
DA:21,48
DA:22,48
DA:23,48
DA:24,0
DA:25,0
DA:26,0
DA:27,0
DA:28,0
DA:29,46
DA:30,46
DA:31,46
DA:32,0
DA:33,0
DA:34,0
DA:35,0
DA:36,0
DA:37,46
DA:38,46
DA:39,46
DA:40,46
DA:41,92
DA:42,92
DA:43,46
DA:44,46
DA:45,46
DA:46,46
DA:47,46
DA:48,46
DA:49,46
DA:50,46
DA:51,46
DA:52,46
DA:53,46
DA:54,46
DA:55,46
DA:56,46
DA:57,46
DA:58,46
DA:59,46
DA:60,46
DA:61,0
DA:62,0
DA:63,0
DA:64,0
DA:65,0
DA:66,0
DA:67,0
DA:68,0
DA:69,0
DA:70,0
DA:71,0
DA:72,0
DA:73,46
DA:74,46
DA:75,46
DA:76,46
DA:77,46
DA:78,46
DA:79,46
DA:80,46
DA:81,46
DA:82,46
DA:83,46
DA:84,46
DA:85,92
DA:86,0
DA:87,0
DA:88,0
DA:89,0
DA:90,0
DA:91,0
DA:92,0
DA:93,0
DA:94,0
DA:95,0
DA:96,0
DA:97,0
DA:98,0
DA:99,0
DA:100,0
DA:101,0
DA:102,0
DA:103,0
DA:104,0
DA:105,0
DA:106,0
DA:107,0
DA:108,0
DA:109,0
DA:110,0
DA:111,0
DA:112,0
DA:113,0
DA:114,0
DA:115,0
DA:116,92
DA:117,92
DA:118,46
DA:119,46
DA:120,46
DA:121,46
DA:122,46
DA:123,138
DA:124,138
DA:125,138
DA:126,138
DA:127,0
DA:128,0
DA:129,0
DA:130,0
DA:131,0
DA:132,0
DA:133,0
DA:134,0
DA:135,0
DA:136,0
DA:137,0
DA:138,0
DA:139,138
DA:140,138
DA:141,138
DA:142,138
DA:143,46
DA:144,46
DA:145,46
DA:146,46
DA:147,46
DA:148,0
DA:149,0
DA:150,0
DA:151,0
DA:152,0
DA:153,48
DA:154,48
DA:155,48
DA:156,48
DA:157,48
DA:158,48
DA:159,138
DA:160,48
DA:161,48
DA:162,48
DA:163,48
DA:164,48
DA:165,48
DA:166,48
DA:167,48
DA:168,48
DA:169,48
DA:170,48
DA:171,48
DA:172,48
DA:173,48
DA:174,48
DA:175,48
DA:176,48
DA:177,48
DA:178,48
DA:179,48
DA:180,48
DA:181,48
DA:182,48
DA:183,48
DA:184,48
DA:185,48
DA:186,48
DA:187,48
DA:188,48
DA:189,48
DA:190,48
DA:191,48
DA:192,48
DA:193,1
DA:194,1
LF:194
LH:122
BRDA:10,0,0,48
BRDA:12,1,0,46
BRDA:12,2,0,0
BRDA:23,3,0,46
BRDA:23,4,0,46
BRDA:23,5,0,0
BRDA:28,6,0,46
BRDA:147,7,0,0
BRDA:39,8,0,46
BRDA:40,9,0,92
BRDA:74,10,0,46
BRDA:74,11,0,92
BRDA:81,12,0,46
BRDA:84,13,0,92
BRDA:85,14,0,0
BRDA:122,15,0,138
BRDA:158,16,0,138
BRF:17
BRH:13
end_of_record
TN:
SF:src/utility/lib/data-table/asset-table-controller.tsx
FN:38,AssetTableController
FNF:1
FNH:1
FNDA:36,AssetTableController
DA:1,1
DA:2,1
DA:3,1
DA:4,1
DA:5,1
DA:6,1
DA:7,1
DA:8,1
DA:9,1
DA:10,1
DA:11,1
DA:12,1
DA:13,1
DA:14,1
DA:15,1
DA:16,1
DA:17,1
DA:18,1
DA:19,1
DA:20,1
DA:21,1
DA:22,1
DA:23,1
DA:24,1
DA:25,1
DA:26,1
DA:27,1
DA:28,1
DA:29,1
DA:30,1
DA:31,1
DA:32,1
DA:33,1
DA:34,1
DA:35,1
DA:36,1
DA:37,1
DA:38,1
DA:39,36
DA:40,36
DA:41,36
DA:42,36
DA:43,36
DA:44,36
DA:45,36
DA:46,36
DA:47,36
DA:48,36
DA:49,36
DA:50,36
DA:51,36
DA:52,36
DA:53,36
DA:54,36
DA:55,36
DA:56,6
DA:57,6
DA:58,6
DA:59,6
DA:60,6
DA:61,6
DA:62,24
DA:63,4
DA:64,4
DA:65,20
DA:66,20
DA:67,6
DA:68,6
DA:69,6
DA:70,6
DA:71,6
DA:72,6
DA:73,6
DA:74,3
DA:75,1
DA:76,1
DA:77,1
DA:78,3
DA:79,1
DA:80,1
DA:81,4
DA:82,4
DA:83,1
DA:84,1
DA:85,1
DA:86,1
DA:87,1
DA:88,4
DA:89,4
DA:90,1
DA:91,1
DA:92,1
DA:93,3
DA:94,6
DA:95,6
DA:96,6
DA:97,6
DA:98,6
DA:99,6
DA:100,6
DA:101,36
DA:102,36
DA:103,36
DA:104,36
DA:105,36
DA:106,36
DA:107,36
DA:108,36
DA:109,36
DA:110,36
DA:111,36
DA:112,36
DA:113,36
DA:114,36
DA:115,36
DA:116,36
DA:117,36
DA:118,36
DA:119,36
DA:120,36
DA:121,36
DA:122,36
DA:123,36
DA:124,36
DA:125,36
DA:126,36
DA:127,36
DA:128,36
DA:129,36
DA:130,36
DA:131,36
DA:132,36
DA:133,36
DA:134,1
DA:135,1
LF:135
LH:135
BRDA:38,0,0,36
BRDA:55,1,0,6
BRDA:57,2,0,0
BRDA:73,3,0,3
BRDA:74,4,0,2
BRDA:74,5,0,1
BRDA:78,6,0,2
BRDA:78,7,0,1
BRDA:78,8,0,1
BRDA:61,9,0,24
BRDA:62,10,0,4
BRDA:64,11,0,20
BRDA:76,12,0,4
BRDA:80,13,0,4
BRDA:81,14,0,2
BRDA:82,15,0,2
BRDA:87,16,0,4
BRDA:88,17,0,2
BRDA:89,18,0,2
BRDA:103,19,0,36
BRDA:109,20,0,0
BRDA:105,21,0,50
BRF:22
BRH:20
end_of_record
TN:
SF:src/utility/lib/data-table/data-table.tsx
FN:46,DataTable
FN:196,onClick
FN:208,onMouseEnter
FNF:3
FNH:3
FNDA:79,DataTable
FNDA:1,onClick
FNDA:1,onMouseEnter
DA:1,1
DA:2,1
DA:3,1
DA:4,1
DA:5,1
DA:6,1
DA:7,1
DA:8,1
DA:9,1
DA:10,1
DA:11,1
DA:12,1
DA:13,1
DA:14,1
DA:15,1
DA:16,1
DA:17,1
DA:18,1
DA:19,1
DA:20,1
DA:21,1
DA:22,1
DA:23,1
DA:24,1
DA:25,1
DA:26,1
DA:27,1
DA:28,1
DA:29,1
DA:30,1
DA:31,1
DA:32,1
DA:33,1
DA:34,1
DA:35,1
DA:36,1
DA:37,1
DA:38,1
DA:39,1
DA:40,1
DA:41,1
DA:42,1
DA:43,1
DA:44,1
DA:45,1
DA:46,1
DA:47,79
DA:48,79
DA:49,79
DA:50,79
DA:51,79
DA:52,79
DA:53,79
DA:54,79
DA:55,79
DA:56,79
DA:57,79
DA:58,79
DA:59,79
DA:60,79
DA:61,79
DA:62,79
DA:63,79
DA:64,0
DA:65,0
DA:66,0
DA:67,0
DA:68,0
DA:69,0
DA:70,0
DA:71,0
DA:72,0
DA:73,0
DA:74,0
DA:75,0
DA:76,0
DA:77,0
DA:78,0
DA:79,0
DA:80,0
DA:81,0
DA:82,0
DA:83,0
DA:84,0
DA:85,0
DA:86,0
DA:87,0
DA:88,0
DA:89,0
DA:90,0
DA:91,0
DA:92,0
DA:93,0
DA:94,0
DA:95,0
DA:96,0
DA:97,0
DA:98,0
DA:99,0
DA:100,0
DA:101,0
DA:102,0
DA:103,0
DA:104,0
DA:105,0
DA:106,79
DA:107,79
DA:108,79
DA:109,79
DA:110,79
DA:111,25
DA:112,79
DA:113,79
DA:114,79
DA:115,79
DA:116,79
DA:117,2
DA:118,2
DA:119,2
DA:120,2
DA:121,2
DA:122,2
DA:123,2
DA:124,2
DA:125,2
DA:126,2
DA:127,2
DA:128,2
DA:129,2
DA:130,2
DA:131,2
DA:132,2
DA:133,2
DA:134,79
DA:135,79
DA:136,79
DA:137,79
DA:138,79
DA:139,79
DA:140,79
DA:141,79
DA:142,79
DA:143,79
DA:144,79
DA:145,79
DA:146,79
DA:147,79
DA:148,79
DA:149,79
DA:150,79
DA:151,79
DA:152,79
DA:153,79
DA:154,79
DA:155,61
DA:156,17
DA:157,79
DA:158,79
DA:159,79
DA:160,79
DA:161,79
DA:162,79
DA:163,79
DA:164,79
DA:165,78
DA:166,79
DA:167,79
DA:168,79
DA:169,79
DA:170,0
DA:171,79
DA:172,79
DA:173,79
DA:174,79
DA:175,79
DA:176,79
DA:177,79
DA:178,79
DA:179,79
DA:180,79
DA:181,79
DA:182,79
DA:183,79
DA:184,79
DA:185,76
DA:186,224
DA:187,79
DA:188,79
DA:189,79
DA:190,79
DA:191,79
DA:192,79
DA:193,79
DA:194,79
DA:195,79
DA:196,79
DA:197,1
DA:198,1
DA:199,1
DA:200,2
DA:201,1
DA:202,1
DA:203,1
DA:204,1
DA:205,0
DA:206,0
DA:207,1
DA:208,79
DA:209,1
DA:210,1
DA:211,1
DA:212,1
DA:213,1
DA:214,1
DA:215,1
DA:216,1
DA:217,1
DA:218,1
DA:219,1
DA:220,1
DA:221,1
DA:222,1
DA:223,1
DA:224,1
DA:225,79
DA:226,79
DA:227,79
DA:228,79
DA:229,79
DA:230,79
DA:231,79
DA:232,0
DA:233,0
DA:234,0
DA:235,0
DA:236,0
DA:237,0
DA:238,79
DA:239,79
DA:240,79
DA:241,79
DA:242,1080
DA:243,79
DA:244,79
DA:245,79
DA:246,79
DA:247,79
DA:248,79
DA:249,79
DA:250,79
DA:251,79
DA:252,2
DA:253,2
DA:254,79
DA:255,79
DA:256,79
DA:257,79
DA:258,79
DA:259,79
DA:260,79
DA:261,0
DA:262,79
DA:263,79
DA:264,79
DA:265,79
DA:266,79
DA:267,79
DA:268,79
DA:269,79
DA:270,79
DA:271,79
DA:272,79
DA:273,79
DA:274,79
DA:275,79
DA:276,79
DA:277,79
DA:278,79
DA:279,79
DA:280,79
DA:281,79
DA:282,79
DA:283,79
DA:284,79
DA:285,79
DA:286,79
DA:287,79
DA:288,79
DA:289,79
DA:290,79
DA:291,79
DA:292,79
DA:293,79
LF:293
LH:241
BRDA:46,0,0,79
BRDA:138,1,0,0
BRDA:154,2,0,0
BRDA:154,3,0,61
BRDA:155,4,0,17
BRDA:184,5,0,78
BRDA:184,6,0,76
BRDA:278,7,0,0
BRDA:58,8,0,210
BRDA:59,9,0,210
BRDA:110,10,0,25
BRDA:116,11,0,2
BRDA:117,12,0,0
BRDA:120,13,0,0
BRDA:120,14,0,0
BRDA:128,15,0,0
BRDA:129,16,0,0
BRDA:164,17,0,78
BRDA:167,18,0,342
BRDA:170,19,0,0
BRDA:185,20,0,224
BRDA:188,21,0,0
BRDA:190,22,0,4
BRDA:190,23,0,4
BRDA:190,24,0,220
BRDA:193,25,0,62
BRDA:231,26,0,0
BRDA:251,27,0,4
BRDA:251,28,0,4
BRDA:251,29,0,2
BRDA:259,30,0,0
BRDA:260,31,0,0
BRDA:196,32,0,1
BRDA:204,33,0,0
BRDA:199,34,0,2
BRDA:200,35,0,1
BRDA:201,36,0,1
BRDA:208,37,0,1
BRDA:241,38,0,1080
BRF:39
BRH:25
end_of_record
TN:
SF:src/utility/lib/data-table/index.ts
FNF:0
FNH:0
DA:1,1
DA:2,1
DA:3,1
DA:4,1
DA:5,1
DA:6,1
DA:7,1
DA:8,1
DA:9,1
DA:10,1
DA:11,1
DA:12,1
DA:13,1
DA:14,1
DA:15,1
DA:16,1
LF:16
LH:16
BRF:0
BRH:0
end_of_record
TN:
SF:src/utility/lib/data-table/table.tsx
FNF:0
FNH:0
DA:1,1
DA:2,1
DA:3,1
DA:4,1
DA:5,1
DA:6,1
DA:7,1
DA:8,1
DA:9,1
DA:10,1
DA:11,1
DA:12,1
DA:13,1
DA:14,1
DA:15,1
DA:16,1
DA:17,1
DA:18,1
DA:19,1
DA:20,1
DA:21,1
DA:22,1
DA:23,1
DA:24,1
DA:25,1
DA:26,1
DA:27,1
DA:28,1
DA:29,1
DA:30,1
DA:31,1
DA:32,1
DA:33,1
DA:34,1
DA:35,1
DA:36,1
DA:37,1
DA:38,1
DA:39,1
DA:40,1
DA:41,1
DA:42,1
DA:43,1
DA:44,1
DA:45,1
DA:46,1
DA:47,1
DA:48,1
DA:49,1
DA:50,1
DA:51,1
DA:52,1
DA:53,1
DA:54,1
DA:55,1
DA:56,1
DA:57,1
DA:58,1
DA:59,1
DA:60,1
DA:61,1
DA:62,1
DA:63,1
DA:64,1
DA:65,1
DA:66,1
DA:67,1
DA:68,1
DA:69,1
DA:70,1
DA:71,1
DA:72,1
DA:73,1
DA:74,1
DA:75,1
DA:76,1
DA:77,1
DA:78,1
DA:79,1
DA:80,1
DA:81,1
DA:82,1
DA:83,1
DA:84,1
DA:85,1
DA:86,1
DA:87,1
DA:88,1
DA:89,1
DA:90,1
DA:91,1
DA:92,1
DA:93,1
DA:94,1
DA:95,1
DA:96,1
DA:97,1
DA:98,1
DA:99,1
DA:100,1
DA:101,1
DA:102,1
DA:103,1
DA:104,1
DA:105,1
DA:106,1
DA:107,1
DA:108,1
DA:109,1
DA:110,1
DA:111,1
DA:112,1
DA:113,1
DA:114,1
DA:115,1
DA:116,1
DA:117,1
DA:118,1
DA:119,1
DA:120,1
LF:120
LH:120
BRF:0
BRH:0
end_of_record
TN:
SF:src/utility/lib/data-table/table-detail-components/v-ad-assets-detail-components.tsx
FN:103,DrDetail
FN:197,buildBar
FN:293,DisDetail
FN:392,DisDetail.otherDisObj.length.otherDisObj.<computed>.reduce.name
FN:441,changeActiveDisObj
FNF:5
FNH:5
FNDA:9,DrDetail
FNDA:21,buildBar
FNDA:23,DisDetail
FNDA:17,DisDetail.otherDisObj.length.otherDisObj.<computed>.reduce.name
FNDA:2,changeActiveDisObj
DA:1,1
DA:2,1
DA:3,1
DA:4,1
DA:5,1
DA:6,1
DA:7,1
DA:8,1
DA:9,1
DA:10,1
DA:11,1
DA:12,1
DA:13,1
DA:14,1
DA:15,1
DA:16,1
DA:17,1
DA:18,1
DA:19,1
DA:20,1
DA:21,1
DA:22,1
DA:23,1
DA:24,1
DA:25,1
DA:26,1
DA:27,1
DA:28,1
DA:29,1
DA:30,1
DA:31,1
DA:32,1
DA:33,1
DA:34,1
DA:35,1
DA:36,1
DA:37,1
DA:38,1
DA:39,1
DA:40,1
DA:41,1
DA:42,1
DA:43,1
DA:44,1
DA:45,1
DA:46,1
DA:47,1
DA:48,1
DA:49,1
DA:50,1
DA:51,1
DA:52,1
DA:53,1
DA:54,1
DA:55,1
DA:56,1
DA:57,1
DA:58,1
DA:59,1
DA:60,1
DA:61,1
DA:62,1
DA:63,1
DA:64,1
DA:65,1
DA:66,1
DA:67,1
DA:68,1
DA:69,1
DA:70,1
DA:71,1
DA:72,1
DA:73,1
DA:74,1
DA:75,1
DA:76,1
DA:77,1
DA:78,1
DA:79,1
DA:80,1
DA:81,1
DA:82,1
DA:83,1
DA:84,1
DA:85,1
DA:86,1
DA:87,1
DA:88,1
DA:89,1
DA:90,1
DA:91,1
DA:92,1
DA:93,1
DA:94,1
DA:95,1
DA:96,1
DA:97,1
DA:98,1
DA:99,1
DA:100,1
DA:101,1
DA:102,1
DA:103,1
DA:104,9
DA:105,9
DA:106,9
DA:107,9
DA:108,9
DA:109,9
DA:110,9
DA:111,9
DA:112,9
DA:113,9
DA:114,9
DA:115,9
DA:116,9
DA:117,9
DA:118,9
DA:119,9
DA:120,9
DA:121,9
DA:122,9
DA:123,9
DA:124,9
DA:125,9
DA:126,9
DA:127,9
DA:128,9
DA:129,9
DA:130,9
DA:131,36
DA:132,36
DA:133,36
DA:134,36
DA:135,36
DA:136,36
DA:137,36
DA:138,36
DA:139,36
DA:140,36
DA:141,36
DA:142,36
DA:143,36
DA:144,36
DA:145,36
DA:146,36
DA:147,36
DA:148,36
DA:149,36
DA:150,36
DA:151,36
DA:152,9
DA:153,9
DA:154,9
DA:155,9
DA:156,9
DA:157,9
DA:158,9
DA:159,9
DA:160,9
DA:161,9
DA:162,9
DA:163,9
DA:164,1
DA:165,1
DA:166,1
DA:167,1
DA:168,1
DA:169,1
DA:170,1
DA:171,1
DA:172,1
DA:173,1
DA:174,1
DA:175,1
DA:176,1
DA:177,1
DA:178,1
DA:179,1
DA:180,1
DA:181,1
DA:182,1
DA:183,1
DA:184,1
DA:185,1
DA:186,1
DA:187,1
DA:188,1
DA:189,1
DA:190,1
DA:191,1
DA:192,1
DA:193,1
DA:194,1
DA:195,1
DA:196,1
DA:197,1
DA:198,21
DA:199,21
DA:200,118
DA:201,118
DA:202,118
DA:203,118
DA:204,118
DA:205,4
DA:206,118
DA:207,118
DA:208,118
DA:209,118
DA:210,118
DA:211,118
DA:212,21
DA:213,21
DA:214,21
DA:215,21
DA:216,21
DA:217,21
DA:218,21
DA:219,21
DA:220,21
DA:221,21
DA:222,21
DA:223,21
DA:224,21
DA:225,21
DA:226,21
DA:227,21
DA:228,21
DA:229,21
DA:230,21
DA:231,21
DA:232,21
DA:233,21
DA:234,21
DA:235,21
DA:236,21
DA:237,21
DA:238,21
DA:239,21
DA:240,21
DA:241,21
DA:242,21
DA:243,21
DA:244,21
DA:245,21
DA:246,21
DA:247,21
DA:248,21
DA:249,1
DA:250,1
DA:251,1
DA:252,1
DA:253,1
DA:254,1
DA:255,1
DA:256,1
DA:257,1
DA:258,1
DA:259,1
DA:260,1
DA:261,1
DA:262,1
DA:263,1
DA:264,1
DA:265,1
DA:266,1
DA:267,1
DA:268,1
DA:269,1
DA:270,1
DA:271,1
DA:272,1
DA:273,1
DA:274,1
DA:275,1
DA:276,1
DA:277,1
DA:278,1
DA:279,1
DA:280,1
DA:281,1
DA:282,1
DA:283,1
DA:284,1
DA:285,1
DA:286,1
DA:287,1
DA:288,1
DA:289,1
DA:290,1
DA:291,1
DA:292,1
DA:293,1
DA:294,23
DA:295,23
DA:296,23
DA:297,23
DA:298,23
DA:299,23
DA:300,23
DA:301,23
DA:302,23
DA:303,23
DA:304,23
DA:305,23
DA:306,23
DA:307,23
DA:308,23
DA:309,23
DA:310,23
DA:311,23
DA:312,23
DA:313,23
DA:314,23
DA:315,23
DA:316,23
DA:317,23
DA:318,23
DA:319,23
DA:320,23
DA:321,23
DA:322,23
DA:323,2
DA:324,2
DA:325,2
DA:326,21
DA:327,21
DA:328,21
DA:329,151
DA:330,151
DA:331,14
DA:332,151
DA:333,151
DA:334,151
DA:335,151
DA:336,151
DA:337,14
DA:338,151
DA:339,151
DA:340,151
DA:341,82
DA:342,69
DA:343,69
DA:344,0
DA:345,69
DA:346,69
DA:347,69
DA:348,69
DA:349,69
DA:350,0
DA:351,69
DA:352,69
DA:353,69
DA:354,46
DA:355,23
DA:356,21
DA:357,21
DA:358,21
DA:359,21
DA:360,21
DA:361,21
DA:362,21
DA:363,23
DA:364,23
DA:365,23
DA:366,4
DA:367,4
DA:368,23
DA:369,17
DA:370,17
DA:371,21
DA:372,21
DA:373,21
DA:374,21
DA:375,114
DA:376,114
DA:377,114
DA:378,114
DA:379,21
DA:380,21
DA:381,4
DA:382,17
DA:383,17
DA:384,17
DA:385,17
DA:386,21
DA:387,21
DA:388,21
DA:389,21
DA:390,21
DA:391,4
DA:392,4
DA:393,17
DA:394,17
DA:395,17
DA:396,17
DA:397,4
DA:398,4
DA:399,4
DA:400,4
DA:401,4
DA:402,17
DA:403,17
DA:404,23
DA:405,23
DA:406,23
DA:407,23
DA:408,23
DA:409,23
DA:410,4
DA:411,17
DA:412,23
DA:413,23
DA:414,23
DA:415,23
DA:416,23
DA:417,23
DA:418,4
DA:419,17
DA:420,23
DA:421,23
DA:422,23
DA:423,23
DA:424,23
DA:425,23
DA:426,23
DA:427,23
DA:428,23
DA:429,23
DA:430,23
DA:431,23
DA:432,23
DA:433,23
DA:434,23
DA:435,23
DA:436,23
DA:437,23
DA:438,23
DA:439,23
DA:440,23
DA:441,23
DA:442,2
DA:443,23
DA:444,23
DA:445,23
DA:446,23
DA:447,23
DA:448,23
DA:449,4
DA:450,4
DA:451,4
DA:452,4
DA:453,23
DA:454,23
DA:455,23
DA:456,23
LF:456
LH:454
BRDA:103,0,0,9
BRDA:130,1,0,36
BRDA:197,2,0,21
BRDA:199,3,0,118
BRDA:201,4,0,4
BRDA:201,5,0,114
BRDA:204,6,0,4
BRDA:206,7,0,114
BRDA:293,8,0,23
BRDA:322,9,0,2
BRDA:325,10,0,22
BRDA:325,11,0,21
BRDA:363,12,0,13
BRDA:363,13,0,8
BRDA:365,14,0,4
BRDA:368,15,0,22
BRDA:368,16,0,17
BRDA:370,17,0,21
BRDA:390,18,0,4
BRDA:401,19,0,17
BRDA:409,20,0,4
BRDA:410,21,0,17
BRDA:417,22,0,4
BRDA:418,23,0,17
BRDA:429,24,0,3
BRDA:429,25,0,18
BRDA:448,26,0,4
BRDA:452,27,0,17
BRDA:328,28,0,151
BRDA:330,29,0,14
BRDA:332,30,0,137
BRDA:336,31,0,14
BRDA:338,32,0,137
BRDA:340,33,0,82
BRDA:341,34,0,69
BRDA:343,35,0,0
BRDA:349,36,0,0
BRDA:353,37,0,46
BRDA:354,38,0,23
BRDA:373,39,0,21
BRDA:374,40,0,114
BRDA:380,41,0,4
BRDA:381,42,0,17
BRDA:392,43,0,17
BRDA:441,44,0,2
BRDA:450,45,0,9
BRF:46
BRH:44
end_of_record
TN:
SF:src/utility/lib/data-table/table-detail-components/v-ad-assets-parent.tsx
FN:64,TableDetailComponent
FN:104,onResize
FN:138,onClick
FN:169,changeActiveDisObj
FN:181,changeActiveDisObj
FNF:5
FNH:4
FNDA:22,TableDetailComponent
FNDA:1,onResize
FNDA:3,onClick
FNDA:2,changeActiveDisObj
FNDA:0,changeActiveDisObj
DA:1,1
DA:2,1
DA:3,1
DA:4,1
DA:5,1
DA:6,1
DA:7,1
DA:8,1
DA:9,1
DA:10,1
DA:11,1
DA:12,1
DA:13,1
DA:14,1
DA:15,1
DA:16,1
DA:17,1
DA:18,1
DA:19,1
DA:20,1
DA:21,1
DA:22,1
DA:23,1
DA:24,1
DA:25,1
DA:26,1
DA:27,1
DA:28,1
DA:29,1
DA:30,1
DA:31,1
DA:32,1
DA:33,1
DA:34,1
DA:35,1
DA:36,1
DA:37,1
DA:38,1
DA:39,1
DA:40,1
DA:41,1
DA:42,1
DA:43,1
DA:44,1
DA:45,1
DA:46,1
DA:47,1
DA:48,1
DA:49,1
DA:50,1
DA:51,1
DA:52,1
DA:53,1
DA:54,1
DA:55,1
DA:56,1
DA:57,1
DA:58,1
DA:59,1
DA:60,1
DA:61,1
DA:62,1
DA:63,1
DA:64,1
DA:65,22
DA:66,22
DA:67,22
DA:68,22
DA:69,22
DA:70,22
DA:71,16
DA:72,16
DA:73,4
DA:74,16
DA:75,3
DA:76,16
DA:77,9
DA:78,16
DA:79,22
DA:80,22
DA:81,22
DA:82,22
DA:83,22
DA:84,22
DA:85,22
DA:86,22
DA:87,22
DA:88,22
DA:89,3
DA:90,3
DA:91,3
DA:92,3
DA:93,3
DA:94,3
DA:95,3
DA:96,3
DA:97,3
DA:98,3
DA:99,3
DA:100,3
DA:101,22
DA:102,22
DA:103,22
DA:104,22
DA:105,1
DA:106,1
DA:107,1
DA:108,1
DA:109,22
DA:110,22
DA:111,22
DA:112,1
DA:113,1
DA:114,1
DA:115,21
DA:116,22
DA:117,1
DA:118,1
DA:119,22
DA:120,1
DA:121,1
DA:122,1
DA:123,1
DA:124,1
DA:125,20
DA:126,19
DA:127,19
DA:128,19
DA:129,19
DA:130,19
DA:131,19
DA:132,19
DA:133,19
DA:134,44
DA:135,44
DA:136,44
DA:137,44
DA:138,44
DA:139,44
DA:140,44
DA:141,44
DA:142,44
DA:143,44
DA:144,9
DA:145,35
DA:146,16
DA:147,19
DA:148,44
DA:149,44
DA:150,44
DA:151,19
DA:152,19
DA:153,19
DA:154,19
DA:155,19
DA:156,19
DA:157,19
DA:158,19
DA:159,19
DA:160,19
DA:161,19
DA:162,7
DA:163,19
DA:164,10
DA:165,10
DA:166,10
DA:167,10
DA:168,10
DA:169,10
DA:170,2
DA:171,10
DA:172,10
DA:173,10
DA:174,10
DA:175,10
DA:176,19
DA:177,19
DA:178,19
DA:179,19
DA:180,19
DA:181,19
DA:182,0
DA:183,19
DA:184,19
DA:185,19
DA:186,19
DA:187,19
DA:188,19
DA:189,19
DA:190,19
DA:191,22
LF:191
LH:190
BRDA:64,0,0,22
BRDA:68,1,0,12
BRDA:68,2,0,10
BRDA:111,3,0,1
BRDA:114,4,0,21
BRDA:116,5,0,1
BRDA:119,6,0,20
BRDA:119,7,0,19
BRDA:119,8,0,1
BRDA:125,9,0,19
BRDA:161,10,0,7
BRDA:163,11,0,10
BRDA:173,12,0,3
BRDA:173,13,0,7
BRDA:70,14,0,16
BRDA:72,15,0,4
BRDA:74,16,0,3
BRDA:76,17,0,9
BRDA:88,18,0,3
BRDA:93,19,0,7
BRDA:104,20,0,1
BRDA:133,21,0,44
BRDA:140,22,0,19
BRDA:140,23,0,25
BRDA:143,24,0,9
BRDA:144,25,0,35
BRDA:145,26,0,16
BRDA:146,27,0,19
BRDA:138,28,0,3
BRDA:169,29,0,2
BRF:30
BRH:30
end_of_record
TN:
SF:src/utility/lib/data-table/v-ad-cols/asset-distribution-cols.tsx
FN:81,cell
FN:99,header
FN:104,onClick
FN:114,cell
FN:124,header
FN:129,onClick
FN:139,cell
FN:162,header
FN:167,onClick
FN:177,cell
FN:203,header
FN:208,onClick
FN:219,cell
FN:222,renderProfitCell
FN:271,cell
FN:304,header
FN:309,onClick
FN:320,cell
FN:329,header
FN:334,onClick
FN:345,cell
FN:354,header
FN:359,onClick
FN:370,cell
FN:379,header
FN:384,onClick
FN:395,cell
FN:398,renderProfitCell
FN:436,cell
FN:452,header
FN:457,onClick
FN:468,cell
FN:475,header
FN:480,onClick
FN:490,cell
FN:506,cell
FN:513,header
FN:518,onClick
FN:529,cell
FN:532,renderProfitCell
FNF:40
FNH:33
FNDA:180,cell
FNDA:32,header
FNDA:0,onClick
FNDA:180,cell
FNDA:32,header
FNDA:0,onClick
FNDA:180,cell
FNDA:32,header
FNDA:0,onClick
FNDA:180,cell
FNDA:32,header
FNDA:0,onClick
FNDA:180,cell
FNDA:180,renderProfitCell
FNDA:15,cell
FNDA:15,header
FNDA:1,onClick
FNDA:15,cell
FNDA:15,header
FNDA:0,onClick
FNDA:15,cell
FNDA:15,header
FNDA:0,onClick
FNDA:15,cell
FNDA:15,header
FNDA:0,onClick
FNDA:15,cell
FNDA:15,renderProfitCell
FNDA:19,cell
FNDA:19,header
FNDA:1,onClick
FNDA:19,cell
FNDA:19,header
FNDA:1,onClick
FNDA:19,cell
FNDA:19,cell
FNDA:19,header
FNDA:1,onClick
FNDA:19,cell
FNDA:19,renderProfitCell
DA:1,1
DA:2,1
DA:3,1
DA:4,1
DA:5,1
DA:6,1
DA:7,1
DA:8,1
DA:9,1
DA:10,1
DA:11,1
DA:12,1
DA:13,1
DA:14,1
DA:15,1
DA:16,1
DA:17,1
DA:18,1
DA:19,1
DA:20,1
DA:21,1
DA:22,1
DA:23,1
DA:24,1
DA:25,1
DA:26,1
DA:27,1
DA:28,1
DA:29,1
DA:30,1
DA:31,1
DA:32,1
DA:33,1
DA:34,1
DA:35,1
DA:36,1
DA:37,1
DA:38,1
DA:39,1
DA:40,1
DA:41,1
DA:42,1
DA:43,1
DA:44,1
DA:45,1
DA:46,1
DA:47,1
DA:48,1
DA:49,1
DA:50,1
DA:51,1
DA:52,1
DA:53,1
DA:54,1
DA:55,1
DA:56,1
DA:57,1
DA:58,1
DA:59,1
DA:60,1
DA:61,1
DA:62,1
DA:63,1
DA:64,1
DA:65,1
DA:66,1
DA:67,1
DA:68,1
DA:69,1
DA:70,1
DA:71,1
DA:72,1
DA:73,1
DA:74,1
DA:75,1
DA:76,1
DA:77,1
DA:78,1
DA:79,1
DA:80,1
DA:81,1
DA:82,180
DA:83,180
DA:84,180
DA:85,180
DA:86,180
DA:87,180
DA:88,180
DA:89,180
DA:90,180
DA:91,180
DA:92,180
DA:93,180
DA:94,180
DA:95,180
DA:96,1
DA:97,1
DA:98,1
DA:99,1
DA:100,32
DA:101,32
DA:102,32
DA:103,32
DA:104,32
DA:105,32
DA:106,32
DA:107,32
DA:108,32
DA:109,32
DA:110,32
DA:111,32
DA:112,32
DA:113,32
DA:114,1
DA:115,180
DA:116,180
DA:117,180
DA:118,180
DA:119,180
DA:120,180
DA:121,1
DA:122,1
DA:123,1
DA:124,1
DA:125,32
DA:126,32
DA:127,32
DA:128,32
DA:129,32
DA:130,32
DA:131,32
DA:132,32
DA:133,32
DA:134,32
DA:135,32
DA:136,32
DA:137,32
DA:138,32
DA:139,1
DA:140,180
DA:141,180
DA:142,180
DA:143,180
DA:144,180
DA:145,180
DA:146,180
DA:147,180
DA:148,180
DA:149,180
DA:150,180
DA:151,180
DA:152,180
DA:153,180
DA:154,180
DA:155,180
DA:156,180
DA:157,180
DA:158,180
DA:159,1
DA:160,1
DA:161,1
DA:162,1
DA:163,32
DA:164,32
DA:165,32
DA:166,32
DA:167,32
DA:168,32
DA:169,32
DA:170,32
DA:171,32
DA:172,32
DA:173,32
DA:174,32
DA:175,32
DA:176,32
DA:177,1
DA:178,180
DA:179,180
DA:180,180
DA:181,180
DA:182,180
DA:183,180
DA:184,180
DA:185,180
DA:186,180
DA:187,180
DA:188,180
DA:189,180
DA:190,180
DA:191,30
DA:192,150
DA:193,180
DA:194,180
DA:195,180
DA:196,180
DA:197,180
DA:198,180
DA:199,180
DA:200,1
DA:201,1
DA:202,1
DA:203,1
DA:204,32
DA:205,32
DA:206,32
DA:207,32
DA:208,32
DA:209,32
DA:210,32
DA:211,32
DA:212,32
DA:213,32
DA:214,32
DA:215,32
DA:216,32
DA:217,32
DA:218,32
DA:219,1
DA:220,180
DA:221,180
DA:222,180
DA:223,180
DA:224,180
DA:225,180
DA:226,180
DA:227,180
DA:228,180
DA:229,180
DA:230,180
DA:231,180
DA:232,180
DA:233,180
DA:234,180
DA:235,98
DA:236,82
DA:237,180
DA:238,180
DA:239,180
DA:240,180
DA:241,180
DA:242,180
DA:243,180
DA:244,180
DA:245,180
DA:246,180
DA:247,74
DA:248,106
DA:249,180
DA:250,180
DA:251,180
DA:252,180
DA:253,180
DA:254,180
DA:255,180
DA:256,180
DA:257,1
DA:258,1
DA:259,1
DA:260,1
DA:261,1
DA:262,1
DA:263,1
DA:264,1
DA:265,1
DA:266,1
DA:267,1
DA:268,1
DA:269,1
DA:270,1
DA:271,1
DA:272,15
DA:273,15
DA:274,15
DA:275,15
DA:276,15
DA:277,15
DA:278,15
DA:279,15
DA:280,15
DA:281,15
DA:282,15
DA:283,15
DA:284,15
DA:285,15
DA:286,15
DA:287,15
DA:288,15
DA:289,15
DA:290,15
DA:291,15
DA:292,15
DA:293,15
DA:294,15
DA:295,15
DA:296,15
DA:297,15
DA:298,15
DA:299,15
DA:300,1
DA:301,1
DA:302,1
DA:303,1
DA:304,1
DA:305,15
DA:306,15
DA:307,15
DA:308,15
DA:309,15
DA:310,15
DA:311,15
DA:312,15
DA:313,15
DA:314,15
DA:315,15
DA:316,15
DA:317,15
DA:318,15
DA:319,15
DA:320,1
DA:321,15
DA:322,15
DA:323,15
DA:324,15
DA:325,15
DA:326,1
DA:327,1
DA:328,1
DA:329,1
DA:330,15
DA:331,15
DA:332,15
DA:333,15
DA:334,15
DA:335,15
DA:336,15
DA:337,15
DA:338,15
DA:339,15
DA:340,15
DA:341,15
DA:342,15
DA:343,15
DA:344,15
DA:345,1
DA:346,15
DA:347,15
DA:348,15
DA:349,15
DA:350,15
DA:351,1
DA:352,1
DA:353,1
DA:354,1
DA:355,15
DA:356,15
DA:357,15
DA:358,15
DA:359,15
DA:360,15
DA:361,15
DA:362,15
DA:363,15
DA:364,15
DA:365,15
DA:366,15
DA:367,15
DA:368,15
DA:369,15
DA:370,1
DA:371,15
DA:372,15
DA:373,15
DA:374,15
DA:375,15
DA:376,1
DA:377,1
DA:378,1
DA:379,1
DA:380,15
DA:381,15
DA:382,15
DA:383,15
DA:384,15
DA:385,15
DA:386,15
DA:387,15
DA:388,15
DA:389,15
DA:390,15
DA:391,15
DA:392,15
DA:393,15
DA:394,15
DA:395,1
DA:396,15
DA:397,15
DA:398,15
DA:399,15
DA:400,15
DA:401,15
DA:402,15
DA:403,15
DA:404,15
DA:405,2
DA:406,13
DA:407,15
DA:408,15
DA:409,15
DA:410,15
DA:411,15
DA:412,15
DA:413,15
DA:414,15
DA:415,15
DA:416,15
DA:417,2
DA:418,13
DA:419,15
DA:420,15
DA:421,15
DA:422,15
DA:423,15
DA:424,15
DA:425,15
DA:426,15
DA:427,1
DA:428,1
DA:429,1
DA:430,1
DA:431,1
DA:432,1
DA:433,1
DA:434,1
DA:435,1
DA:436,1
DA:437,19
DA:438,19
DA:439,19
DA:440,19
DA:441,19
DA:442,19
DA:443,19
DA:444,19
DA:445,19
DA:446,19
DA:447,19
DA:448,19
DA:449,1
DA:450,1
DA:451,1
DA:452,1
DA:453,19
DA:454,19
DA:455,19
DA:456,19
DA:457,19
DA:458,19
DA:459,19
DA:460,19
DA:461,19
DA:462,19
DA:463,19
DA:464,19
DA:465,19
DA:466,19
DA:467,19
DA:468,1
DA:469,19
DA:470,19
DA:471,19
DA:472,1
DA:473,1
DA:474,1
DA:475,1
DA:476,19
DA:477,19
DA:478,19
DA:479,19
DA:480,19
DA:481,19
DA:482,19
DA:483,19
DA:484,19
DA:485,19
DA:486,19
DA:487,19
DA:488,19
DA:489,19
DA:490,1
DA:491,19
DA:492,19
DA:493,19
DA:494,19
DA:495,19
DA:496,19
DA:497,19
DA:498,19
DA:499,19
DA:500,19
DA:501,19
DA:502,1
DA:503,1
DA:504,1
DA:505,1
DA:506,1
DA:507,19
DA:508,19
DA:509,19
DA:510,1
DA:511,1
DA:512,1
DA:513,1
DA:514,19
DA:515,19
DA:516,19
DA:517,19
DA:518,19
DA:519,19
DA:520,19
DA:521,19
DA:522,19
DA:523,19
DA:524,19
DA:525,19
DA:526,19
DA:527,19
DA:528,19
DA:529,1
DA:530,19
DA:531,19
DA:532,19
DA:533,19
DA:534,19
DA:535,19
DA:536,19
DA:537,19
DA:538,19
DA:539,2
DA:540,17
DA:541,19
DA:542,19
DA:543,19
DA:544,19
DA:545,19
DA:546,19
DA:547,19
DA:548,19
DA:549,19
DA:550,19
DA:551,2
DA:552,17
DA:553,19
DA:554,19
DA:555,19
DA:556,19
DA:557,19
DA:558,19
DA:559,19
DA:560,19
DA:561,1
DA:562,1
LF:562
LH:562
BRDA:81,0,0,180
BRDA:99,1,0,32
BRDA:114,2,0,180
BRDA:124,3,0,32
BRDA:139,4,0,180
BRDA:162,5,0,32
BRDA:177,6,0,180
BRDA:180,7,0,30
BRDA:180,8,0,150
BRDA:190,9,0,30
BRDA:191,10,0,150
BRDA:203,11,0,32
BRDA:219,12,0,180
BRDA:222,13,0,180
BRDA:230,14,0,98
BRDA:230,15,0,82
BRDA:234,16,0,98
BRDA:235,17,0,82
BRDA:241,18,0,98
BRDA:241,19,0,82
BRDA:246,20,0,74
BRDA:247,21,0,106
BRDA:271,22,0,15
BRDA:304,23,0,15
BRDA:309,24,0,1
BRDA:320,25,0,15
BRDA:329,26,0,15
BRDA:345,27,0,15
BRDA:354,28,0,15
BRDA:370,29,0,15
BRDA:379,30,0,15
BRDA:395,31,0,15
BRDA:398,32,0,15
BRDA:402,33,0,2
BRDA:402,34,0,13
BRDA:404,35,0,2
BRDA:405,36,0,13
BRDA:411,37,0,2
BRDA:411,38,0,13
BRDA:416,39,0,2
BRDA:417,40,0,13
BRDA:436,41,0,19
BRDA:452,42,0,19
BRDA:457,43,0,1
BRDA:468,44,0,19
BRDA:475,45,0,19
BRDA:480,46,0,1
BRDA:490,47,0,19
BRDA:506,48,0,19
BRDA:513,49,0,19
BRDA:518,50,0,1
BRDA:529,51,0,19
BRDA:532,52,0,19
BRDA:536,53,0,2
BRDA:536,54,0,17
BRDA:538,55,0,2
BRDA:539,56,0,17
BRDA:545,57,0,2
BRDA:545,58,0,17
BRDA:550,59,0,2
BRDA:551,60,0,17
BRF:61
BRH:61
end_of_record
TN:
SF:src/utility/lib/data-table/v-ad-cols/asset-group-distribution-cols.tsx
FN:20,cell
FN:40,header
FN:55,cell
FN:66,header
FN:81,cell
FN:98,header
FN:113,cell
FN:139,header
FN:155,cell
FNF:9
FNH:0
FNDA:0,cell
FNDA:0,header
FNDA:0,cell
FNDA:0,header
FNDA:0,cell
FNDA:0,header
FNDA:0,cell
FNDA:0,header
FNDA:0,cell
DA:1,1
DA:2,1
DA:3,1
DA:4,1
DA:5,1
DA:6,1
DA:7,1
DA:8,1
DA:9,1
DA:10,1
DA:11,1
DA:12,1
DA:13,1
DA:14,1
DA:15,1
DA:16,1
DA:17,1
DA:18,1
DA:19,1
DA:20,1
DA:21,0
DA:22,0
DA:23,0
DA:24,0
DA:25,0
DA:26,0
DA:27,0
DA:28,0
DA:29,0
DA:30,0
DA:31,0
DA:32,0
DA:33,0
DA:34,0
DA:35,0
DA:36,0
DA:37,1
DA:38,1
DA:39,1
DA:40,1
DA:41,0
DA:42,0
DA:43,0
DA:44,0
DA:45,0
DA:46,0
DA:47,0
DA:48,0
DA:49,0
DA:50,0
DA:51,0
DA:52,0
DA:53,0
DA:54,0
DA:55,1
DA:56,0
DA:57,0
DA:58,0
DA:59,0
DA:60,0
DA:61,0
DA:62,0
DA:63,1
DA:64,1
DA:65,1
DA:66,1
DA:67,0
DA:68,0
DA:69,0
DA:70,0
DA:71,0
DA:72,0
DA:73,0
DA:74,0
DA:75,0
DA:76,0
DA:77,0
DA:78,0
DA:79,0
DA:80,0
DA:81,1
DA:82,0
DA:83,0
DA:84,0
DA:85,0
DA:86,0
DA:87,0
DA:88,0
DA:89,0
DA:90,0
DA:91,0
DA:92,0
DA:93,0
DA:94,0
DA:95,1
DA:96,1
DA:97,1
DA:98,1
DA:99,0
DA:100,0
DA:101,0
DA:102,0
DA:103,0
DA:104,0
DA:105,0
DA:106,0
DA:107,0
DA:108,0
DA:109,0
DA:110,0
DA:111,0
DA:112,0
DA:113,1
DA:114,0
DA:115,0
DA:116,0
DA:117,0
DA:118,0
DA:119,0
DA:120,0
DA:121,0
DA:122,0
DA:123,0
DA:124,0
DA:125,0
DA:126,0
DA:127,0
DA:128,0
DA:129,0
DA:130,0
DA:131,0
DA:132,0
DA:133,0
DA:134,0
DA:135,0
DA:136,1
DA:137,1
DA:138,1
DA:139,1
DA:140,0
DA:141,0
DA:142,0
DA:143,0
DA:144,0
DA:145,0
DA:146,0
DA:147,0
DA:148,0
DA:149,0
DA:150,0
DA:151,0
DA:152,0
DA:153,0
DA:154,0
DA:155,1
DA:156,0
DA:157,0
DA:158,0
DA:159,0
DA:160,0
DA:161,0
DA:162,0
DA:163,0
DA:164,0
DA:165,0
DA:166,0
DA:167,0
DA:168,0
DA:169,0
DA:170,0
DA:171,0
DA:172,0
DA:173,0
DA:174,0
DA:175,0
DA:176,0
DA:177,0
DA:178,0
DA:179,0
DA:180,0
DA:181,0
DA:182,0
DA:183,0
DA:184,0
DA:185,0
DA:186,0
DA:187,0
DA:188,0
DA:189,1
DA:190,1
DA:191,1
DA:192,1
DA:193,1
DA:194,1
DA:195,1
DA:196,1
DA:197,1
DA:198,1
DA:199,1
DA:200,1
DA:201,1
DA:202,1
DA:203,1
DA:204,1
DA:205,1
DA:206,1
DA:207,1
DA:208,1
DA:209,1
DA:210,1
DA:211,1
DA:212,1
DA:213,1
DA:214,1
DA:215,1
DA:216,1
DA:217,1
DA:218,1
DA:219,1
DA:220,1
DA:221,1
DA:222,1
DA:223,1
DA:224,1
DA:225,1
DA:226,1
DA:227,1
DA:228,1
DA:229,1
DA:230,1
DA:231,1
DA:232,1
DA:233,1
DA:234,1
DA:235,1
DA:236,1
DA:237,1
DA:238,1
DA:239,1
DA:240,1
DA:241,1
DA:242,1
DA:243,1
DA:244,1
DA:245,1
DA:246,1
DA:247,1
DA:248,1
DA:249,1
DA:250,1
DA:251,1
DA:252,1
DA:253,1
DA:254,1
DA:255,1
DA:256,1
DA:257,1
DA:258,1
DA:259,1
DA:260,1
DA:261,1
DA:262,1
DA:263,1
DA:264,1
DA:265,1
DA:266,1
DA:267,1
DA:268,1
DA:269,1
DA:270,1
DA:271,1
DA:272,1
DA:273,1
DA:274,1
DA:275,1
DA:276,1
DA:277,1
DA:278,1
DA:279,1
DA:280,1
DA:281,1
DA:282,1
DA:283,1
DA:284,1
LF:284
LH:136
BRF:0
BRH:0
end_of_record
TN:
SF:src/utility/lib/helpers/index.ts
FNF:0
FNH:0
DA:1,1
DA:2,1
DA:3,1
DA:4,1
DA:5,1
DA:6,1
DA:7,1
DA:8,1
DA:9,1
DA:10,1
DA:11,1
DA:12,1
DA:13,1
DA:14,1
DA:15,1
DA:16,1
DA:17,1
DA:18,1
DA:19,1
DA:20,1
DA:21,1
DA:22,1
DA:23,1
DA:24,1
DA:25,1
DA:26,1
DA:27,1
DA:28,1
LF:28
LH:28
BRF:0
BRH:0
end_of_record
TN:
SF:src/utility/lib/helpers/helper-components/detail-table-comps.tsx
FN:57,InfoCards
FN:104,onClick
FN:182,StopLossCards
FN:287,DetailNfts
FNF:4
FNH:4
FNDA:11,InfoCards
FNDA:2,onClick
FNDA:2,StopLossCards
FNDA:2,DetailNfts
DA:1,1
DA:2,1
DA:3,1
DA:4,1
DA:5,1
DA:6,1
DA:7,1
DA:8,1
DA:9,1
DA:10,1
DA:11,1
DA:12,1
DA:13,1
DA:14,1
DA:15,1
DA:16,1
DA:17,1
DA:18,1
DA:19,1
DA:20,1
DA:21,1
DA:22,1
DA:23,1
DA:24,1
DA:25,1
DA:26,1
DA:27,1
DA:28,1
DA:29,1
DA:30,1
DA:31,1
DA:32,1
DA:33,1
DA:34,1
DA:35,1
DA:36,1
DA:37,1
DA:38,1
DA:39,1
DA:40,1
DA:41,1
DA:42,1
DA:43,1
DA:44,1
DA:45,1
DA:46,1
DA:47,1
DA:48,1
DA:49,1
DA:50,1
DA:51,1
DA:52,1
DA:53,1
DA:54,1
DA:55,1
DA:56,1
DA:57,1
DA:58,11
DA:59,11
DA:60,11
DA:61,11
DA:62,11
DA:63,11
DA:64,11
DA:65,11
DA:66,11
DA:67,11
DA:68,11
DA:69,11
DA:70,11
DA:71,11
DA:72,11
DA:73,11
DA:74,11
DA:75,11
DA:76,11
DA:77,11
DA:78,34
DA:79,34
DA:80,15
DA:81,19
DA:82,2
DA:83,17
DA:84,34
DA:85,34
DA:86,34
DA:87,34
DA:88,34
DA:89,34
DA:90,34
DA:91,34
DA:92,34
DA:93,34
DA:94,34
DA:95,34
DA:96,34
DA:97,34
DA:98,34
DA:99,34
DA:100,34
DA:101,34
DA:102,34
DA:103,34
DA:104,34
DA:105,2
DA:106,0
DA:107,2
DA:108,34
DA:109,34
DA:110,34
DA:111,34
DA:112,34
DA:113,34
DA:114,34
DA:115,34
DA:116,34
DA:117,34
DA:118,0
DA:119,34
DA:120,34
DA:121,34
DA:122,34
DA:123,34
DA:124,34
DA:125,34
DA:126,34
DA:127,34
DA:128,34
DA:129,34
DA:130,19
DA:131,34
DA:132,34
DA:133,34
DA:134,34
DA:135,34
DA:136,34
DA:137,34
DA:138,19
DA:139,15
DA:140,34
DA:141,34
DA:142,34
DA:143,34
DA:144,34
DA:145,34
DA:146,34
DA:147,34
DA:148,34
DA:149,34
DA:150,34
DA:151,34
DA:152,34
DA:153,11
DA:154,1
DA:155,1
DA:156,1
DA:157,1
DA:158,1
DA:159,1
DA:160,1
DA:161,1
DA:162,1
DA:163,1
DA:164,1
DA:165,1
DA:166,1
DA:167,1
DA:168,1
DA:169,1
DA:170,1
DA:171,1
DA:172,1
DA:173,1
DA:174,1
DA:175,1
DA:176,1
DA:177,1
DA:178,1
DA:179,1
DA:180,1
DA:181,1
DA:182,1
DA:183,2
DA:184,2
DA:185,2
DA:186,2
DA:187,2
DA:188,2
DA:189,2
DA:190,2
DA:191,2
DA:192,2
DA:193,2
DA:194,2
DA:195,2
DA:196,2
DA:197,2
DA:198,2
DA:199,2
DA:200,2
DA:201,2
DA:202,2
DA:203,2
DA:204,2
DA:205,2
DA:206,2
DA:207,2
DA:208,2
DA:209,2
DA:210,2
DA:211,2
DA:212,2
DA:213,2
DA:214,2
DA:215,2
DA:216,2
DA:217,2
DA:218,14
DA:219,14
DA:220,14
DA:221,14
DA:222,14
DA:223,14
DA:224,14
DA:225,14
DA:226,14
DA:227,14
DA:228,14
DA:229,14
DA:230,14
DA:231,14
DA:232,14
DA:233,14
DA:234,14
DA:235,14
DA:236,14
DA:237,14
DA:238,14
DA:239,14
DA:240,14
DA:241,14
DA:242,14
DA:243,14
DA:244,14
DA:245,14
DA:246,14
DA:247,14
DA:248,14
DA:249,14
DA:250,14
DA:251,14
DA:252,14
DA:253,14
DA:254,14
DA:255,14
DA:256,14
DA:257,2
DA:258,2
DA:259,2
DA:260,2
DA:261,1
DA:262,1
DA:263,1
DA:264,1
DA:265,1
DA:266,1
DA:267,1
DA:268,1
DA:269,1
DA:270,1
DA:271,1
DA:272,1
DA:273,1
DA:274,1
DA:275,1
DA:276,1
DA:277,1
DA:278,1
DA:279,1
DA:280,1
DA:281,1
DA:282,1
DA:283,1
DA:284,1
DA:285,1
DA:286,1
DA:287,1
DA:288,2
DA:289,2
DA:290,2
DA:291,2
DA:292,2
DA:293,2
DA:294,2
DA:295,2
DA:296,6
DA:297,6
DA:298,6
DA:299,6
DA:300,6
DA:301,2
DA:302,4
DA:303,6
DA:304,6
DA:305,6
DA:306,6
DA:307,6
DA:308,6
DA:309,6
DA:310,6
DA:311,6
DA:312,6
DA:313,6
DA:314,6
DA:315,3
DA:316,6
DA:317,6
DA:318,6
DA:319,6
DA:320,6
DA:321,6
DA:322,6
DA:323,2
DA:324,2
DA:325,2
LF:325
LH:323
BRDA:57,0,0,11
BRDA:77,1,0,34
BRDA:79,2,0,19
BRDA:79,3,0,15
BRDA:80,4,0,19
BRDA:81,5,0,2
BRDA:82,6,0,17
BRDA:118,7,0,0
BRDA:129,8,0,19
BRDA:131,9,0,15
BRDA:137,10,0,19
BRDA:139,11,0,15
BRDA:104,12,0,2
BRDA:106,13,0,0
BRDA:182,14,0,2
BRDA:205,15,0,0
BRDA:209,16,0,0
BRDA:214,17,0,0
BRDA:217,18,0,14
BRDA:231,19,0,0
BRDA:241,20,0,12
BRDA:241,21,0,2
BRDA:287,22,0,2
BRDA:295,23,0,6
BRDA:300,24,0,2
BRDA:301,25,0,4
BRDA:314,26,0,3
BRDA:316,27,0,3
BRF:28
BRH:22
end_of_record
TN:
SF:src/utility/lib/helpers/helper-components/image-container.tsx
FN:16,HoldingLogoImageContainer
FN:32,NftDetailImageContainer
FNF:2
FNH:0
FNDA:0,HoldingLogoImageContainer
FNDA:0,NftDetailImageContainer
DA:1,1
DA:2,1
DA:3,1
DA:4,1
DA:5,1
DA:6,1
DA:7,1
DA:8,1
DA:9,1
DA:10,1
DA:11,1
DA:12,1
DA:13,1
DA:14,1
DA:15,1
DA:16,1
DA:17,0
DA:18,0
DA:19,0
DA:20,0
DA:21,0
DA:22,0
DA:23,0
DA:24,1
DA:25,1
DA:26,1
DA:27,1
DA:28,1
DA:29,1
DA:30,1
DA:31,1
DA:32,1
DA:33,0
DA:34,0
DA:35,0
DA:36,0
DA:37,0
DA:38,0
DA:39,0
DA:40,0
DA:41,0
DA:42,0
DA:43,0
DA:44,0
LF:44
LH:25
BRF:0
BRH:0
end_of_record
TN:
SF:src/utility/lib/helpers/helper-components/rebalancing-set-up.tsx
FN:67,RebalancingSetUp
FN:104,handleSubmit
FN:111,handleChange
FN:235,onChange
FN:236,onClick
FN:247,onChange
FN:248,onClick
FNF:7
FNH:7
FNDA:61,RebalancingSetUp
FNDA:1,handleSubmit
FNDA:13,handleChange
FNDA:7,onChange
FNDA:8,onClick
FNDA:6,onChange
FNDA:7,onClick
DA:1,1
DA:2,1
DA:3,1
DA:4,1
DA:5,1
DA:6,1
DA:7,1
DA:8,1
DA:9,1
DA:10,1
DA:11,1
DA:12,1
DA:13,1
DA:14,1
DA:15,1
DA:16,1
DA:17,1
DA:18,1
DA:19,1
DA:20,1
DA:21,1
DA:22,1
DA:23,1
DA:24,1
DA:25,1
DA:26,1
DA:27,1
DA:28,1
DA:29,1
DA:30,1
DA:31,1
DA:32,1
DA:33,1
DA:34,1
DA:35,1
DA:36,1
DA:37,1
DA:38,1
DA:39,1
DA:40,1
DA:41,1
DA:42,1
DA:43,1
DA:44,1
DA:45,1
DA:46,1
DA:47,1
DA:48,1
DA:49,1
DA:50,1
DA:51,1
DA:52,1
DA:53,1
DA:54,1
DA:55,1
DA:56,1
DA:57,1
DA:58,1
DA:59,1
DA:60,1
DA:61,1
DA:62,1
DA:63,1
DA:64,1
DA:65,1
DA:66,1
DA:67,1
DA:68,61
DA:69,61
DA:70,61
DA:71,61
DA:72,61
DA:73,61
DA:74,61
DA:75,61
DA:76,61
DA:77,61
DA:78,61
DA:79,61
DA:80,61
DA:81,61
DA:82,61
DA:83,61
DA:84,61
DA:85,61
DA:86,61
DA:87,61
DA:88,61
DA:89,61
DA:90,61
DA:91,61
DA:92,61
DA:93,61
DA:94,61
DA:95,1
DA:96,1
DA:97,1
DA:98,1
DA:99,60
DA:100,60
DA:101,20
DA:102,60
DA:103,60
DA:104,60
DA:105,1
DA:106,1
DA:107,1
DA:108,1
DA:109,1
DA:110,60
DA:111,60
DA:112,13
DA:113,13
DA:114,13
DA:115,2
DA:116,2
DA:117,2
DA:118,13
DA:119,2
DA:120,1
DA:121,1
DA:122,1
DA:123,1
DA:124,1
DA:125,1
DA:126,1
DA:127,1
DA:128,1
DA:129,2
DA:130,2
DA:131,9
DA:132,9
DA:133,9
DA:134,9
DA:135,13
DA:136,1
DA:137,1
DA:138,1
DA:139,1
DA:140,13
DA:141,1
DA:142,1
DA:143,1
DA:144,1
DA:145,8
DA:146,1
DA:147,7
DA:148,6
DA:149,6
DA:150,2
DA:151,2
DA:152,2
DA:153,2
DA:154,4
DA:155,4
DA:156,4
DA:157,4
DA:158,6
DA:159,13
DA:160,60
DA:161,60
DA:162,60
DA:163,60
DA:164,60
DA:165,60
DA:166,60
DA:167,60
DA:168,60
DA:169,60
DA:170,60
DA:171,60
DA:172,60
DA:173,60
DA:174,61
DA:175,61
DA:176,61
DA:177,61
DA:178,61
DA:179,61
DA:180,61
DA:181,61
DA:182,61
DA:183,61
DA:184,61
DA:185,61
DA:186,61
DA:187,61
DA:188,61
DA:189,61
DA:190,61
DA:191,61
DA:192,61
DA:193,61
DA:194,61
DA:195,61
DA:196,61
DA:197,61
DA:198,61
DA:199,61
DA:200,61
DA:201,61
DA:202,61
DA:203,61
DA:204,61
DA:205,61
DA:206,61
DA:207,61
DA:208,61
DA:209,61
DA:210,61
DA:211,61
DA:212,61
DA:213,61
DA:214,61
DA:215,61
DA:216,61
DA:217,61
DA:218,61
DA:219,61
DA:220,61
DA:221,61
DA:222,61
DA:223,61
DA:224,61
DA:225,61
DA:226,61
DA:227,61
DA:228,61
DA:229,61
DA:230,61
DA:231,61
DA:232,61
DA:233,61
DA:234,61
DA:235,61
DA:236,61
DA:237,61
DA:238,61
DA:239,61
DA:240,20
DA:241,40
DA:242,61
DA:243,61
DA:244,61
DA:245,61
DA:246,61
DA:247,61
DA:248,61
DA:249,61
DA:250,61
DA:251,61
DA:252,17
DA:253,43
DA:254,61
DA:255,61
DA:256,61
DA:257,61
DA:258,61
DA:259,61
DA:260,61
DA:261,61
DA:262,61
DA:263,61
DA:264,61
DA:265,61
DA:266,61
DA:267,61
DA:268,61
DA:269,61
DA:270,61
DA:271,61
DA:272,61
DA:273,61
DA:274,61
DA:275,61
DA:276,61
DA:277,61
DA:278,5
DA:279,5
DA:280,5
DA:281,5
DA:282,5
DA:283,61
DA:284,61
DA:285,61
DA:286,61
LF:286
LH:286
BRDA:67,0,0,61
BRDA:94,1,0,1
BRDA:98,2,0,60
BRDA:174,3,0,0
BRDA:182,4,0,21
BRDA:182,5,0,39
BRDA:237,6,0,20
BRDA:237,7,0,40
BRDA:239,8,0,20
BRDA:240,9,0,40
BRDA:249,10,0,17
BRDA:249,11,0,43
BRDA:251,12,0,17
BRDA:252,13,0,43
BRDA:277,14,0,5
BRDA:282,15,0,55
BRDA:100,16,0,20
BRDA:104,17,0,1
BRDA:111,18,0,13
BRDA:114,19,0,2
BRDA:117,20,0,11
BRDA:118,21,0,2
BRDA:119,22,0,1
BRDA:123,23,0,1
BRDA:130,24,0,9
BRDA:135,25,0,1
BRDA:140,26,0,8
BRDA:140,27,0,5
BRDA:140,28,0,1
BRDA:145,29,0,7
BRDA:145,30,0,3
BRDA:145,31,0,1
BRDA:147,32,0,6
BRDA:149,33,0,2
BRDA:153,34,0,4
BRDA:235,35,0,7
BRDA:236,36,0,8
BRDA:247,37,0,6
BRDA:248,38,0,7
BRDA:262,39,0,180
BRF:40
BRH:39
end_of_record
TN:
SF:src/utility/lib/helpers/helper-components/pop-ups/modal.tsx
FN:7,Modal
FNF:1
FNH:0
FNDA:0,Modal
DA:1,1
DA:2,1
DA:3,1
DA:4,1
DA:5,1
DA:6,1
DA:7,1
DA:8,0
DA:9,0
DA:10,0
DA:11,0
DA:12,0
DA:13,0
DA:14,0
DA:15,0
DA:16,0
DA:17,0
DA:18,0
DA:19,0
DA:20,0
DA:21,0
DA:22,0
DA:23,0
DA:24,0
DA:25,0
DA:26,0
DA:27,0
DA:28,0
DA:29,0
DA:30,0
DA:31,0
DA:32,0
DA:33,0
DA:34,0
DA:35,0
DA:36,0
DA:37,0
DA:38,0
DA:39,0
DA:40,0
DA:41,0
DA:42,0
DA:43,0
DA:44,0
DA:45,0
DA:46,0
DA:47,0
DA:48,0
DA:49,0
DA:50,0
DA:51,0
DA:52,0
DA:53,0
DA:54,0
DA:55,0
DA:56,0
DA:57,0
DA:58,0
DA:59,0
DA:60,0
DA:61,0
DA:62,0
DA:63,0
DA:64,0
DA:65,0
DA:66,0
DA:67,0
DA:68,0
DA:69,0
DA:70,0
DA:71,0
DA:72,1
DA:73,1
LF:73
LH:9
BRF:0
BRH:0
end_of_record
TN:
SF:src/utility/lib/helpers/helper-components/pop-ups/portal.tsx
FN:11,Portal
FNF:1
FNH:0
FNDA:0,Portal
DA:1,1
DA:2,1
DA:3,1
DA:4,1
DA:5,1
DA:6,1
DA:7,1
DA:8,1
DA:9,1
DA:10,1
DA:11,1
DA:12,0
DA:13,0
DA:14,0
DA:15,0
DA:16,0
DA:17,0
DA:18,0
DA:19,0
DA:20,0
DA:21,0
DA:22,0
DA:23,0
DA:24,0
DA:25,0
DA:26,0
DA:27,0
DA:28,0
DA:29,0
DA:30,0
DA:31,0
DA:32,0
DA:33,0
DA:34,0
DA:35,0
DA:36,1
DA:37,1
LF:37
LH:13
BRF:0
BRH:0
end_of_record
TN:
SF:src/utility/lib/helpers/helper-config/colors.ts
FNF:0
FNH:0
DA:1,1
DA:2,1
DA:3,1
DA:4,1
DA:5,1
DA:6,1
DA:7,1
DA:8,1
DA:9,1
DA:10,1
DA:11,1
DA:12,1
DA:13,1
DA:14,1
DA:15,1
DA:16,1
DA:17,1
DA:18,1
DA:19,1
DA:20,1
DA:21,1
DA:22,1
DA:23,1
DA:24,1
DA:25,1
DA:26,1
DA:27,1
DA:28,1
DA:29,1
DA:30,1
DA:31,1
DA:32,1
DA:33,1
DA:34,1
DA:35,1
DA:36,1
DA:37,1
DA:38,1
LF:38
LH:38
BRF:0
BRH:0
end_of_record
TN:
SF:src/utility/lib/helpers/helper-functions/cn.ts
FN:4,cn
FNF:1
FNH:1
FNDA:2288,cn
DA:1,1
DA:2,1
DA:3,1
DA:4,1
DA:5,2288
DA:6,2288
LF:6
LH:6
BRDA:4,0,0,2288
BRF:1
BRH:1
end_of_record
TN:
SF:src/utility/lib/helpers/helper-functions/formatCurrency.ts
FN:7,formatCurrency
FNF:1
FNH:1
FNDA:770,formatCurrency
DA:1,1
DA:2,1
DA:3,1
DA:4,1
DA:5,1
DA:6,1
DA:7,1
DA:8,770
DA:9,51
DA:10,51
DA:11,719
DA:12,770
DA:13,770
DA:14,770
DA:15,770
DA:16,13
DA:17,13
DA:18,13
DA:19,13
DA:20,13
DA:21,13
DA:22,13
DA:23,706
DA:24,706
DA:25,706
DA:26,706
DA:27,706
DA:28,706
DA:29,706
LF:29
LH:29
BRDA:7,0,0,770
BRDA:8,1,0,719
BRDA:8,2,0,51
BRDA:10,3,0,719
BRDA:15,4,0,711
BRDA:15,5,0,13
BRDA:22,6,0,706
BRF:7
BRH:7
end_of_record
TN:
SF:src/utility/lib/helpers/helper-functions/formatDecimals.ts
FN:1,formatDecimals
FNF:1
FNH:1
FNDA:97,formatDecimals
DA:1,1
DA:2,97
DA:3,97
DA:4,97
DA:5,97
DA:6,96
DA:7,96
DA:8,5
DA:9,5
DA:10,5
DA:11,5
DA:12,96
DA:13,96
DA:14,96
DA:15,96
DA:16,19
DA:17,19
DA:18,19
DA:19,19
DA:20,19
DA:21,19
DA:22,19
DA:23,19
DA:24,19
DA:25,19
DA:26,19
DA:27,19
DA:28,19
DA:29,19
DA:30,19
DA:31,19
DA:32,19
DA:33,19
DA:34,19
DA:35,19
DA:36,19
DA:37,19
DA:38,19
DA:39,19
DA:40,19
DA:41,96
DA:42,78
DA:43,78
LF:43
LH:43
BRDA:1,0,0,97
BRDA:5,1,0,96
BRDA:7,2,0,5
BRDA:13,3,0,37
BRDA:13,4,0,59
BRDA:15,5,0,19
BRDA:41,6,0,78
BRDA:36,7,0,21
BRF:8
BRH:8
end_of_record
TN:
SF:src/utility/lib/helpers/helper-functions/formatValue.ts
FN:7,formatValue
FNF:1
FNH:1
FNDA:1019,formatValue
DA:1,1
DA:2,1
DA:3,1
DA:4,1
DA:5,1
DA:6,1
DA:7,1
DA:8,1019
DA:9,377
DA:10,377
DA:11,642
DA:12,642
DA:13,642
DA:14,642
DA:15,1019
DA:16,75
DA:17,75
DA:18,75
DA:19,75
DA:20,567
DA:21,585
DA:22,550
DA:23,1019
DA:24,2
DA:25,17
DA:26,13
DA:27,15
DA:28,2
DA:29,2
DA:30,1019
LF:30
LH:30
BRDA:7,0,0,1019
BRDA:8,1,0,377
BRDA:10,2,0,642
BRDA:15,3,0,634
BRDA:15,4,0,75
BRDA:19,5,0,585
BRDA:19,6,0,567
BRDA:21,7,0,550
BRDA:23,8,0,17
BRDA:23,9,0,2
BRDA:25,10,0,15
BRDA:25,11,0,13
BRDA:27,12,0,2
BRF:13
BRH:13
end_of_record
TN:
SF:src/utility/lib/helpers/helper-functions/isObject.ts
FN:6,isObject
FNF:1
FNH:1
FNDA:50,isObject
DA:1,1
DA:2,1
DA:3,1
DA:4,1
DA:5,1
DA:6,1
DA:7,50
DA:8,50
DA:9,41
DA:10,40
DA:11,35
DA:12,33
DA:13,32
DA:14,30
DA:15,50
DA:16,50
LF:16
LH:16
BRDA:6,0,0,50
BRDA:8,1,0,41
BRDA:9,2,0,40
BRDA:10,3,0,35
BRDA:11,4,0,33
BRDA:12,5,0,32
BRDA:13,6,0,30
BRF:7
BRH:7
end_of_record
TN:
SF:src/utility/lib/helpers/helper-functions/ranHexGen.ts
FN:21,HSLToHex
FN:24,k
FN:26,f
FN:57,ranHexGen
FNF:4
FNH:4
FNDA:104,HSLToHex
FNDA:624,k
FNDA:312,f
FNDA:4,ranHexGen
DA:1,1
DA:2,1
DA:3,1
DA:4,1
DA:5,1
DA:6,1
DA:7,1
DA:8,1
DA:9,1
DA:10,1
DA:11,1
DA:12,1
DA:13,1
DA:14,1
DA:15,1
DA:16,1
DA:17,1
DA:18,1
DA:19,1
DA:20,1
DA:21,1
DA:22,104
DA:23,104
DA:24,104
DA:25,104
DA:26,104
DA:27,312
DA:28,104
DA:29,104
DA:30,104
DA:31,104
DA:32,1
DA:33,1
DA:34,1
DA:35,1
DA:36,1
DA:37,1
DA:38,1
DA:39,1
DA:40,1
DA:41,1
DA:42,1
DA:43,1
DA:44,1
DA:45,1
DA:46,1
DA:47,1
DA:48,1
DA:49,1
DA:50,1
DA:51,1
DA:52,1
DA:53,1
DA:54,1
DA:55,1
DA:56,1
DA:57,1
DA:58,4
DA:59,4
DA:60,4
DA:61,4
DA:62,4
DA:63,4
DA:64,4
DA:65,4
DA:66,2
DA:67,2
DA:68,2
DA:69,4
DA:70,104
DA:71,104
DA:72,104
DA:73,104
DA:74,104
DA:75,2
DA:76,2
DA:77,2
LF:77
LH:77
BRDA:21,0,0,104
BRDA:24,1,0,624
BRDA:26,2,0,312
BRDA:57,3,0,4
BRDA:64,4,0,1
BRDA:64,5,0,3
BRDA:65,6,0,1
BRDA:65,7,0,2
BRDA:69,8,0,104
BRDA:74,9,0,2
BRF:10
BRH:10
end_of_record
TN:
SF:src/utility/lib/logging/logger.js
FN:9,send
FNF:1
FNH:0
FNDA:0,send
DA:1,1
DA:2,1
DA:3,1
DA:4,1
DA:5,1
DA:6,1
DA:7,1
DA:8,1
DA:9,1
DA:10,0
DA:11,0
DA:12,0
DA:13,0
DA:14,0
DA:15,0
DA:16,0
DA:17,0
DA:18,0
DA:19,0
DA:20,0
DA:21,0
DA:22,0
DA:23,0
DA:24,0
DA:25,0
DA:26,0
DA:27,0
DA:28,0
DA:29,1
DA:30,1
DA:31,1
DA:32,1
DA:33,1
LF:33
LH:14
BRF:0
BRH:0
end_of_record
TN:
SF:src/utility/lib/stores/clear-cache.ts
FN:21,setSyncStatus
FN:25,setCache
FNF:2
FNH:0
FNDA:0,setSyncStatus
FNDA:0,setCache
DA:1,1
DA:2,1
DA:3,1
DA:4,1
DA:5,1
DA:6,1
DA:7,1
DA:8,1
DA:9,1
DA:10,1
DA:11,1
DA:12,1
DA:13,1
DA:14,1
DA:15,1
DA:16,1
DA:17,1
DA:18,1
DA:19,7
DA:20,7
DA:21,7
DA:22,0
DA:23,0
DA:24,0
DA:25,7
DA:26,7
LF:26
LH:23
BRDA:18,0,0,7
BRF:1
BRH:1
end_of_record
TN:
SF:src/utility/lib/stores/index.ts
FNF:0
FNH:0
DA:1,1
LF:1
LH:1
BRF:0
BRH:0
end_of_record
TN:
SF:src/utility/lib/trackerlayout/headbar.tsx
FN:12,HeadBarContainer
FNF:1
FNH:1
FNDA:2,HeadBarContainer
DA:1,1
DA:2,1
DA:3,1
DA:4,1
DA:5,1
DA:6,1
DA:7,1
DA:8,1
DA:9,1
DA:10,1
DA:11,1
DA:12,1
DA:13,2
DA:14,2
DA:15,2
DA:16,2
DA:17,2
DA:18,2
DA:19,2
DA:20,2
DA:21,2
DA:22,2
DA:23,2
DA:24,2
DA:25,2
DA:26,2
DA:27,2
DA:28,2
DA:29,2
DA:30,1
DA:31,1
LF:31
LH:31
BRDA:12,0,0,2
BRF:1
BRH:1
end_of_record
TN:
SF:src/utility/lib/trackerlayout/sidebar/foldedsidebar.tsx
FN:9,renderFoldedBulletPoints
FN:35,FoldedSideBar
FNF:2
FNH:2
FNDA:39,renderFoldedBulletPoints
FNDA:3,FoldedSideBar
DA:1,1
DA:2,1
DA:3,1
DA:4,1
DA:5,1
DA:6,1
DA:7,1
DA:8,1
DA:9,1
DA:10,39
DA:11,39
DA:12,39
DA:13,39
DA:14,39
DA:15,39
DA:16,39
DA:17,39
DA:18,39
DA:19,39
DA:20,39
DA:21,39
DA:22,39
DA:23,39
DA:24,39
DA:25,39
DA:26,39
DA:27,39
DA:28,39
DA:29,39
DA:30,1
DA:31,1
DA:32,1
DA:33,1
DA:34,1
DA:35,1
DA:36,3
DA:37,3
DA:38,3
DA:39,3
DA:40,39
DA:41,39
DA:42,39
DA:43,3
DA:44,3
DA:45,39
DA:46,39
DA:47,39
DA:48,3
DA:49,3
DA:50,3
DA:51,1
DA:52,1
LF:52
LH:52
BRDA:9,0,0,39
BRDA:35,1,0,3
BRDA:39,2,0,39
BRDA:41,3,0,30
BRDA:44,4,0,39
BRDA:46,5,0,9
BRF:6
BRH:6
end_of_record
TN:
SF:src/utility/lib/trackerlayout/sidebar/sidebar.tsx
FN:16,SidebarContainer
FN:18,handleSideBarFold
FNF:2
FNH:1
FNDA:2,SidebarContainer
FNDA:0,handleSideBarFold
DA:1,1
DA:2,1
DA:3,1
DA:4,1
DA:5,1
DA:6,1
DA:7,1
DA:8,1
DA:9,1
DA:10,1
DA:11,1
DA:12,1
DA:13,1
DA:14,1
DA:15,1
DA:16,1
DA:17,2
DA:18,2
DA:19,0
DA:20,0
DA:21,2
DA:22,2
DA:23,2
DA:24,2
DA:25,0
DA:26,0
DA:27,0
DA:28,0
DA:29,0
DA:30,0
DA:31,0
DA:32,0
DA:33,0
DA:34,0
DA:35,0
DA:36,0
DA:37,0
DA:38,0
DA:39,0
DA:40,0
DA:41,0
DA:42,0
DA:43,0
DA:44,0
DA:45,2
DA:46,2
DA:47,2
DA:48,2
DA:49,2
DA:50,2
DA:51,2
DA:52,2
DA:53,2
DA:54,2
DA:55,2
DA:56,2
DA:57,2
DA:58,2
DA:59,2
DA:60,2
DA:61,2
DA:62,2
DA:63,2
DA:64,2
DA:65,2
DA:66,2
DA:67,1
DA:68,1
DA:69,1
DA:70,1
DA:71,1
DA:72,1
DA:73,1
DA:74,1
DA:75,1
DA:76,1
DA:77,1
DA:78,1
DA:79,1
DA:80,1
DA:81,1
DA:82,1
DA:83,1
DA:84,1
DA:85,1
DA:86,1
DA:87,1
DA:88,1
DA:89,1
DA:90,1
DA:91,1
DA:92,1
DA:93,1
DA:94,1
DA:95,1
DA:96,1
DA:97,1
DA:98,1
DA:99,1
DA:100,1
DA:101,1
DA:102,1
DA:103,1
DA:104,1
DA:105,1
DA:106,1
DA:107,1
DA:108,1
DA:109,1
DA:110,1
DA:111,1
DA:112,1
DA:113,1
DA:114,1
DA:115,1
DA:116,1
DA:117,1
LF:117
LH:95
BRDA:16,0,0,2
BRDA:24,1,0,0
BRF:2
BRH:1
end_of_record
TN:
SF:src/utility/lib/trackerlayout/sidebar/unfoldedsidebar.tsx
FN:6,renderUnfoldedBulletPoints
FN:33,UnfoldedSidebar
FNF:2
FNH:2
FNDA:52,renderUnfoldedBulletPoints
FNDA:4,UnfoldedSidebar
DA:1,1
DA:2,1
DA:3,1
DA:4,1
DA:5,1
DA:6,1
DA:7,52
DA:8,52
DA:9,52
DA:10,52
DA:11,52
DA:12,52
DA:13,52
DA:14,52
DA:15,52
DA:16,52
DA:17,52
DA:18,52
DA:19,52
DA:20,52
DA:21,52
DA:22,52
DA:23,52
DA:24,52
DA:25,52
DA:26,52
DA:27,52
DA:28,52
DA:29,1
DA:30,1
DA:31,1
DA:32,1
DA:33,1
DA:34,4
DA:35,4
DA:36,4
DA:37,4
DA:38,4
DA:39,4
DA:40,4
DA:41,4
DA:42,4
DA:43,4
DA:44,52
DA:45,40
DA:46,40
DA:47,52
DA:48,4
DA:49,4
DA:50,52
DA:51,12
DA:52,12
DA:53,52
DA:54,4
DA:55,4
DA:56,4
DA:57,1
DA:58,1
LF:58
LH:58
BRDA:6,0,0,52
BRDA:33,1,0,4
BRDA:43,2,0,52
BRDA:44,3,0,40
BRDA:49,4,0,52
BRDA:50,5,0,12
BRF:6
BRH:6
end_of_record
